{"/home/travis/build/npmtest/node-npmtest-scp2/test.js":{"path":"/home/travis/build/npmtest/node-npmtest-scp2/test.js","s":{"1":2,"2":2,"3":2,"4":2,"5":2,"6":2,"7":2,"8":1,"9":2,"10":2,"11":1,"12":1,"13":1,"14":1,"15":2,"16":2,"17":2,"18":2,"19":1,"20":1,"21":2,"22":2,"23":2,"24":1,"25":1,"26":1,"27":1,"28":1,"29":1,"30":1,"31":1,"32":1,"33":1,"34":1,"35":1,"36":1,"37":1,"38":1,"39":2,"40":2,"41":1,"42":2,"43":2,"44":1,"45":2,"46":2,"47":1,"48":2,"49":2,"50":1,"51":1,"52":1,"53":1,"54":1},"b":{"1":[2,1,1,1],"2":[1,1,1,1],"3":[1,1],"4":[1,1],"5":[1,1],"6":[1,1],"7":[1,1],"8":[1,1],"9":[1,1],"10":[1,1,1],"11":[1,1],"12":[1,1],"13":[1,1],"14":[1,1],"15":[1,1],"16":[1,1],"17":[1,1]},"f":{"1":2,"2":2,"3":2,"4":2,"5":2,"6":1,"7":1,"8":1,"9":2,"10":2,"11":2,"12":2,"13":1},"fnMap":{"1":{"name":"(anonymous_1)","line":12,"loc":{"start":{"line":12,"column":1},"end":{"line":12,"column":13}}},"2":{"name":"(anonymous_2)","line":19,"loc":{"start":{"line":19,"column":5},"end":{"line":19,"column":17}}},"3":{"name":"(anonymous_3)","line":23,"loc":{"start":{"line":23,"column":24},"end":{"line":23,"column":36}}},"4":{"name":"(anonymous_4)","line":61,"loc":{"start":{"line":61,"column":5},"end":{"line":61,"column":17}}},"5":{"name":"(anonymous_5)","line":82,"loc":{"start":{"line":82,"column":5},"end":{"line":82,"column":17}}},"6":{"name":"(anonymous_6)","line":91,"loc":{"start":{"line":91,"column":77},"end":{"line":94,"column":10}}},"7":{"name":"(anonymous_7)","line":112,"loc":{"start":{"line":112,"column":83},"end":{"line":115,"column":10}},"skip":true},"8":{"name":"(anonymous_8)","line":123,"loc":{"start":{"line":123,"column":77},"end":{"line":126,"column":10}},"skip":true},"9":{"name":"(anonymous_9)","line":139,"loc":{"start":{"line":139,"column":12},"end":{"line":139,"column":40}},"skip":true},"10":{"name":"(anonymous_10)","line":147,"loc":{"start":{"line":147,"column":77},"end":{"line":150,"column":10}},"skip":true},"11":{"name":"(anonymous_11)","line":158,"loc":{"start":{"line":158,"column":83},"end":{"line":161,"column":10}},"skip":true},"12":{"name":"(anonymous_12)","line":169,"loc":{"start":{"line":169,"column":79},"end":{"line":172,"column":10}},"skip":true},"13":{"name":"(anonymous_13)","line":180,"loc":{"start":{"line":180,"column":75},"end":{"line":183,"column":10}},"skip":true}},"statementMap":{"1":{"start":{"line":12,"column":0},"end":{"line":195,"column":5}},"2":{"start":{"line":14,"column":4},"end":{"line":14,"column":14}},"3":{"start":{"line":19,"column":4},"end":{"line":56,"column":9}},"4":{"start":{"line":21,"column":8},"end":{"line":21,"column":19}},"5":{"start":{"line":23,"column":8},"end":{"line":35,"column":13}},"6":{"start":{"line":24,"column":12},"end":{"line":34,"column":13}},"7":{"start":{"line":25,"column":16},"end":{"line":28,"column":30}},"8":{"start":{"line":30,"column":16},"end":{"line":33,"column":27}},"9":{"start":{"line":37,"column":8},"end":{"line":39,"column":21}},"10":{"start":{"line":40,"column":8},"end":{"line":53,"column":9}},"11":{"start":{"line":43,"column":12},"end":{"line":46,"column":14}},"12":{"start":{"line":47,"column":12},"end":{"line":47,"column":18}},"13":{"start":{"line":50,"column":12},"end":{"line":51,"column":33}},"14":{"start":{"line":52,"column":12},"end":{"line":52,"column":18}},"15":{"start":{"line":55,"column":8},"end":{"line":55,"column":35}},"16":{"start":{"line":61,"column":4},"end":{"line":63,"column":9}},"17":{"start":{"line":62,"column":8},"end":{"line":62,"column":15}},"18":{"start":{"line":64,"column":4},"end":{"line":77,"column":5}},"19":{"start":{"line":70,"column":8},"end":{"line":70,"column":14}},"20":{"start":{"line":76,"column":8},"end":{"line":76,"column":14}},"21":{"start":{"line":82,"column":4},"end":{"line":84,"column":9}},"22":{"start":{"line":83,"column":8},"end":{"line":83,"column":15}},"23":{"start":{"line":85,"column":4},"end":{"line":194,"column":5}},"24":{"start":{"line":91,"column":8},"end":{"line":99,"column":10}},"25":{"start":{"line":98,"column":12},"end":{"line":98,"column":35}},"26":{"start":{"line":102,"column":8},"end":{"line":104,"column":63}},"27":{"start":{"line":105,"column":8},"end":{"line":105,"column":14}},"28":{"start":{"line":112,"column":8},"end":{"line":121,"column":10},"skip":true},"29":{"start":{"line":119,"column":12},"end":{"line":119,"column":55},"skip":true},"30":{"start":{"line":120,"column":12},"end":{"line":120,"column":48},"skip":true},"31":{"start":{"line":123,"column":8},"end":{"line":136,"column":10},"skip":true},"32":{"start":{"line":130,"column":12},"end":{"line":130,"column":76},"skip":true},"33":{"start":{"line":131,"column":12},"end":{"line":131,"column":73},"skip":true},"34":{"start":{"line":132,"column":12},"end":{"line":132,"column":74},"skip":true},"35":{"start":{"line":133,"column":12},"end":{"line":133,"column":79},"skip":true},"36":{"start":{"line":134,"column":12},"end":{"line":134,"column":25},"skip":true},"37":{"start":{"line":135,"column":12},"end":{"line":135,"column":45},"skip":true},"38":{"start":{"line":138,"column":8},"end":{"line":145,"column":14},"skip":true},"39":{"start":{"line":143,"column":16},"end":{"line":143,"column":29},"skip":true},"40":{"start":{"line":144,"column":16},"end":{"line":144,"column":55},"skip":true},"41":{"start":{"line":147,"column":8},"end":{"line":156,"column":10},"skip":true},"42":{"start":{"line":154,"column":12},"end":{"line":154,"column":25},"skip":true},"43":{"start":{"line":155,"column":12},"end":{"line":155,"column":45},"skip":true},"44":{"start":{"line":158,"column":8},"end":{"line":167,"column":10},"skip":true},"45":{"start":{"line":165,"column":12},"end":{"line":165,"column":25},"skip":true},"46":{"start":{"line":166,"column":12},"end":{"line":166,"column":48},"skip":true},"47":{"start":{"line":169,"column":8},"end":{"line":178,"column":10},"skip":true},"48":{"start":{"line":176,"column":12},"end":{"line":176,"column":25},"skip":true},"49":{"start":{"line":177,"column":12},"end":{"line":177,"column":46},"skip":true},"50":{"start":{"line":180,"column":8},"end":{"line":189,"column":10},"skip":true},"51":{"start":{"line":187,"column":12},"end":{"line":187,"column":94},"skip":true},"52":{"start":{"line":188,"column":12},"end":{"line":188,"column":48},"skip":true},"53":{"start":{"line":192,"column":8},"end":{"line":192,"column":35},"skip":true},"54":{"start":{"line":193,"column":8},"end":{"line":193,"column":14},"skip":true}},"branchMap":{"1":{"line":25,"type":"binary-expr","locations":[{"start":{"line":25,"column":23},"end":{"line":25,"column":62}},{"start":{"line":26,"column":20},"end":{"line":26,"column":70}},{"start":{"line":27,"column":20},"end":{"line":27,"column":71}},{"start":{"line":28,"column":20},"end":{"line":28,"column":29}}]},"2":{"line":30,"type":"binary-expr","locations":[{"start":{"line":30,"column":23},"end":{"line":30,"column":37}},{"start":{"line":31,"column":20},"end":{"line":31,"column":61}},{"start":{"line":32,"column":20},"end":{"line":32,"column":70}},{"start":{"line":33,"column":20},"end":{"line":33,"column":26}}]},"3":{"line":37,"type":"cond-expr","locations":[{"start":{"line":38,"column":14},"end":{"line":38,"column":20}},{"start":{"line":39,"column":14},"end":{"line":39,"column":20}}]},"4":{"line":40,"type":"switch","locations":[{"start":{"line":42,"column":8},"end":{"line":47,"column":18}},{"start":{"line":49,"column":8},"end":{"line":52,"column":18}}]},"5":{"line":44,"type":"binary-expr","locations":[{"start":{"line":44,"column":16},"end":{"line":44,"column":44}},{"start":{"line":44,"column":48},"end":{"line":44,"column":66}}]},"6":{"line":50,"type":"binary-expr","locations":[{"start":{"line":50,"column":21},"end":{"line":50,"column":49}},{"start":{"line":50,"column":53},"end":{"line":50,"column":72}}]},"7":{"line":64,"type":"switch","locations":[{"start":{"line":69,"column":4},"end":{"line":70,"column":14}},{"start":{"line":75,"column":4},"end":{"line":76,"column":14}}]},"8":{"line":85,"type":"switch","locations":[{"start":{"line":90,"column":4},"end":{"line":105,"column":14}},{"start":{"line":111,"column":4},"end":{"line":193,"column":14},"skip":true}]},"9":{"line":91,"type":"binary-expr","locations":[{"start":{"line":91,"column":42},"end":{"line":91,"column":73}},{"start":{"line":91,"column":77},"end":{"line":99,"column":9}}]},"10":{"line":102,"type":"binary-expr","locations":[{"start":{"line":102,"column":18},"end":{"line":102,"column":32}},{"start":{"line":103,"column":12},"end":{"line":103,"column":53}},{"start":{"line":104,"column":12},"end":{"line":104,"column":61}}]},"11":{"line":112,"type":"binary-expr","locations":[{"start":{"line":112,"column":45},"end":{"line":112,"column":79},"skip":true},{"start":{"line":112,"column":83},"end":{"line":121,"column":9},"skip":true}]},"12":{"line":123,"type":"binary-expr","locations":[{"start":{"line":123,"column":42},"end":{"line":123,"column":73},"skip":true},{"start":{"line":123,"column":77},"end":{"line":136,"column":9},"skip":true}]},"13":{"line":138,"type":"binary-expr","locations":[{"start":{"line":138,"column":48},"end":{"line":138,"column":85},"skip":true},{"start":{"line":139,"column":12},"end":{"line":145,"column":13},"skip":true}]},"14":{"line":147,"type":"binary-expr","locations":[{"start":{"line":147,"column":42},"end":{"line":147,"column":73},"skip":true},{"start":{"line":147,"column":77},"end":{"line":156,"column":9},"skip":true}]},"15":{"line":158,"type":"binary-expr","locations":[{"start":{"line":158,"column":45},"end":{"line":158,"column":79},"skip":true},{"start":{"line":158,"column":83},"end":{"line":167,"column":9},"skip":true}]},"16":{"line":169,"type":"binary-expr","locations":[{"start":{"line":169,"column":43},"end":{"line":169,"column":75},"skip":true},{"start":{"line":169,"column":79},"end":{"line":178,"column":9},"skip":true}]},"17":{"line":180,"type":"binary-expr","locations":[{"start":{"line":180,"column":41},"end":{"line":180,"column":71},"skip":true},{"start":{"line":180,"column":75},"end":{"line":189,"column":9},"skip":true}]}},"code":["/* istanbul instrument in package npmtest_scp2 */","/*jslint","    bitwise: true,","    browser: true,","    maxerr: 8,","    maxlen: 96,","    node: true,","    nomen: true,","    regexp: true,","    stupid: true","*/","(function () {","    'use strict';","    var local;","","","","    // run shared js-env code - pre-init","    (function () {","        // init local","        local = {};","        // init modeJs","        local.modeJs = (function () {","            try {","                return typeof navigator.userAgent === 'string' &&","                    typeof document.querySelector('body') === 'object' &&","                    typeof XMLHttpRequest.prototype.open === 'function' &&","                    'browser';","            } catch (errorCaughtBrowser) {","                return module.exports &&","                    typeof process.versions.node === 'string' &&","                    typeof require('http').createServer === 'function' &&","                    'node';","            }","        }());","        // init global","        local.global = local.modeJs === 'browser'","            ? window","            : global;","        switch (local.modeJs) {","        // re-init local from window.local","        case 'browser':","            local = local.global.utility2.objectSetDefault(","                local.global.utility2_rollup || local.global.local,","                local.global.utility2","            );","            break;","        // re-init local from example.js","        case 'node':","            local = (local.global.utility2_rollup || require('utility2'))","                .requireReadme();","            break;","        }","        // export local","        local.global.local = local;","    }());","","","","    // run shared js-env code - function","    (function () {","        return;","    }());","    switch (local.modeJs) {","","","","    // run browser js-env code - function","    case 'browser':","        break;","","","","    // run node js-env code - function","    case 'node':","        break;","    }","","","","    // run shared js-env code - post-init","    (function () {","        return;","    }());","    switch (local.modeJs) {","","","","    // run browser js-env code - post-init","    case 'browser':","        local.testCase_browser_nullCase = local.testCase_browser_nullCase || function (","            options,","            onError","        ) {","        /*","         * this function will test browsers's null-case handling-behavior-behavior","         */","            onError(null, options);","        };","","        // run tests","        local.nop(local.modeTest &&","            document.querySelector('#testRunButton1') &&","            document.querySelector('#testRunButton1').click());","        break;","","","","    // run node js-env code - post-init","    /* istanbul ignore next */","    case 'node':","        local.testCase_buildApidoc_default = local.testCase_buildApidoc_default || function (","            options,","            onError","        ) {","        /*","         * this function will test buildApidoc's default handling-behavior-behavior","         */","            options = { modulePathList: module.paths };","            local.buildApidoc(options, onError);","        };","","        local.testCase_buildApp_default = local.testCase_buildApp_default || function (","            options,","            onError","        ) {","        /*","         * this function will test buildApp's default handling-behavior-behavior","         */","            local.testCase_buildReadme_default(options, local.onErrorThrow);","            local.testCase_buildLib_default(options, local.onErrorThrow);","            local.testCase_buildTest_default(options, local.onErrorThrow);","            local.testCase_buildCustomOrg_default(options, local.onErrorThrow);","            options = [];","            local.buildApp(options, onError);","        };","","        local.testCase_buildCustomOrg_default = local.testCase_buildCustomOrg_default ||","            function (options, onError) {","            /*","             * this function will test buildCustomOrg's default handling-behavior","             */","                options = {};","                local.buildCustomOrg(options, onError);","            };","","        local.testCase_buildLib_default = local.testCase_buildLib_default || function (","            options,","            onError","        ) {","        /*","         * this function will test buildLib's default handling-behavior","         */","            options = {};","            local.buildLib(options, onError);","        };","","        local.testCase_buildReadme_default = local.testCase_buildReadme_default || function (","            options,","            onError","        ) {","        /*","         * this function will test buildReadme's default handling-behavior-behavior","         */","            options = {};","            local.buildReadme(options, onError);","        };","","        local.testCase_buildTest_default = local.testCase_buildTest_default || function (","            options,","            onError","        ) {","        /*","         * this function will test buildTest's default handling-behavior","         */","            options = {};","            local.buildTest(options, onError);","        };","","        local.testCase_webpage_default = local.testCase_webpage_default || function (","            options,","            onError","        ) {","        /*","         * this function will test webpage's default handling-behavior","         */","            options = { modeCoverageMerge: true, url: local.serverLocalHost + '?modeTest=1' };","            local.browserTest(options, onError);","        };","","        // run test-server","        local.testRunServer(local);","        break;","    }","}());",""],"l":{"12":2,"14":2,"19":2,"21":2,"23":2,"24":2,"25":2,"30":1,"37":2,"40":2,"43":1,"47":1,"50":1,"52":1,"55":2,"61":2,"62":2,"64":2,"70":1,"76":1,"82":2,"83":2,"85":2,"91":1,"98":1,"102":1,"105":1,"112":1,"119":1,"120":1,"123":1,"130":1,"131":1,"132":1,"133":1,"134":1,"135":1,"138":1,"143":2,"144":2,"147":1,"154":2,"155":2,"158":1,"165":2,"166":2,"169":1,"176":2,"177":2,"180":1,"187":1,"188":1,"192":1,"193":1}},"/home/travis/build/npmtest/node-npmtest-scp2/lib.npmtest_scp2.js":{"path":"/home/travis/build/npmtest/node-npmtest-scp2/lib.npmtest_scp2.js","s":{"1":2,"2":2,"3":2,"4":2,"5":2,"6":2,"7":2,"8":1,"9":2,"10":2,"11":2,"12":2,"13":1,"14":1,"15":1,"16":1},"b":{"1":[2,1,1,1],"2":[1,1,1,1],"3":[1,1],"4":[2,2],"5":[1,1]},"f":{"1":2,"2":2,"3":2},"fnMap":{"1":{"name":"(anonymous_1)","line":12,"loc":{"start":{"line":12,"column":1},"end":{"line":12,"column":13}}},"2":{"name":"(anonymous_2)","line":19,"loc":{"start":{"line":19,"column":5},"end":{"line":19,"column":17}}},"3":{"name":"(anonymous_3)","line":23,"loc":{"start":{"line":23,"column":24},"end":{"line":23,"column":36}}}},"statementMap":{"1":{"start":{"line":12,"column":0},"end":{"line":53,"column":5}},"2":{"start":{"line":14,"column":4},"end":{"line":14,"column":14}},"3":{"start":{"line":19,"column":4},"end":{"line":52,"column":9}},"4":{"start":{"line":21,"column":8},"end":{"line":21,"column":19}},"5":{"start":{"line":23,"column":8},"end":{"line":35,"column":13}},"6":{"start":{"line":24,"column":12},"end":{"line":34,"column":13}},"7":{"start":{"line":25,"column":16},"end":{"line":28,"column":30}},"8":{"start":{"line":30,"column":16},"end":{"line":33,"column":27}},"9":{"start":{"line":37,"column":8},"end":{"line":39,"column":21}},"10":{"start":{"line":41,"column":8},"end":{"line":41,"column":54}},"11":{"start":{"line":43,"column":8},"end":{"line":43,"column":49}},"12":{"start":{"line":45,"column":8},"end":{"line":51,"column":9}},"13":{"start":{"line":46,"column":12},"end":{"line":46,"column":55}},"14":{"start":{"line":48,"column":12},"end":{"line":48,"column":35}},"15":{"start":{"line":49,"column":12},"end":{"line":49,"column":49}},"16":{"start":{"line":50,"column":12},"end":{"line":50,"column":43}}},"branchMap":{"1":{"line":25,"type":"binary-expr","locations":[{"start":{"line":25,"column":23},"end":{"line":25,"column":62}},{"start":{"line":26,"column":20},"end":{"line":26,"column":70}},{"start":{"line":27,"column":20},"end":{"line":27,"column":71}},{"start":{"line":28,"column":20},"end":{"line":28,"column":29}}]},"2":{"line":30,"type":"binary-expr","locations":[{"start":{"line":30,"column":23},"end":{"line":30,"column":37}},{"start":{"line":31,"column":20},"end":{"line":31,"column":61}},{"start":{"line":32,"column":20},"end":{"line":32,"column":70}},{"start":{"line":33,"column":20},"end":{"line":33,"column":26}}]},"3":{"line":37,"type":"cond-expr","locations":[{"start":{"line":38,"column":14},"end":{"line":38,"column":20}},{"start":{"line":39,"column":14},"end":{"line":39,"column":20}}]},"4":{"line":41,"type":"binary-expr","locations":[{"start":{"line":41,"column":16},"end":{"line":41,"column":44}},{"start":{"line":41,"column":48},"end":{"line":41,"column":53}}]},"5":{"line":45,"type":"if","locations":[{"start":{"line":45,"column":8},"end":{"line":45,"column":8}},{"start":{"line":45,"column":8},"end":{"line":45,"column":8}}]}},"code":["/* istanbul instrument in package npmtest_scp2 */","/*jslint","    bitwise: true,","    browser: true,","    maxerr: 8,","    maxlen: 96,","    node: true,","    nomen: true,","    regexp: true,","    stupid: true","*/","(function () {","    'use strict';","    var local;","","","","    // run shared js-env code - pre-init","    (function () {","        // init local","        local = {};","        // init modeJs","        local.modeJs = (function () {","            try {","                return typeof navigator.userAgent === 'string' &&","                    typeof document.querySelector('body') === 'object' &&","                    typeof XMLHttpRequest.prototype.open === 'function' &&","                    'browser';","            } catch (errorCaughtBrowser) {","                return module.exports &&","                    typeof process.versions.node === 'string' &&","                    typeof require('http').createServer === 'function' &&","                    'node';","            }","        }());","        // init global","        local.global = local.modeJs === 'browser'","            ? window","            : global;","        // init utility2_rollup","        local = local.global.utility2_rollup || local;","        // init lib","        local.local = local.npmtest_scp2 = local;","        // init exports","        if (local.modeJs === 'browser') {","            local.global.utility2_npmtest_scp2 = local;","        } else {","            module.exports = local;","            module.exports.__dirname = __dirname;","            module.exports.module = module;","        }","    }());","}());",""],"l":{"12":2,"14":2,"19":2,"21":2,"23":2,"24":2,"25":2,"30":1,"37":2,"41":2,"43":2,"45":2,"46":1,"48":1,"49":1,"50":1}},"/home/travis/build/npmtest/node-npmtest-scp2/example.js":{"path":"/home/travis/build/npmtest/node-npmtest-scp2/example.js","s":{"1":2,"2":2,"3":2,"4":2,"5":2,"6":2,"7":2,"8":1,"9":2,"10":2,"11":2,"12":2,"13":1,"14":2,"15":2,"16":2,"17":2,"18":2,"19":0,"20":2,"21":1,"22":1,"23":1,"24":1,"25":1,"26":0,"27":0,"28":1,"29":1,"30":2,"31":0,"32":0,"33":0,"34":1,"35":2,"36":2,"37":3,"38":3,"39":3,"40":3,"41":0,"42":3,"43":3,"44":3,"45":1,"46":3,"47":1,"48":1,"49":1,"50":1,"51":1,"52":1,"53":1,"54":1,"55":1,"56":1,"57":0,"58":1,"59":6,"60":6,"61":1,"62":2,"63":0,"64":2,"65":1,"66":1,"67":0,"68":0,"69":0,"70":0,"71":0,"72":0,"73":0,"74":0,"75":0,"76":0,"77":0,"78":0,"79":0,"80":0,"81":0,"82":0,"83":0},"b":{"1":[2,1,1,1],"2":[1,1,1,1],"3":[1,1],"4":[2,2],"5":[1,1],"6":[1,1],"7":[2,0],"8":[2,1,1,1,1,1],"9":[0,2,0],"10":[1,1],"11":[2,1,1],"12":[1,0],"13":[0,2],"14":[2,0,0,0,0,0,0],"15":[0,3],"16":[3,0],"17":[1,1],"18":[0,1],"19":[1,2,0,2],"20":[1,0],"21":[1,1],"22":[0,0],"23":[0,0],"24":[0,0],"25":[0,0],"26":[0,0],"27":[0,0],"28":[0,0]},"f":{"1":2,"2":2,"3":2,"4":2,"5":2,"6":2,"7":3,"8":3,"9":3,"10":1,"11":6,"12":0},"fnMap":{"1":{"name":"(anonymous_1)","line":26,"loc":{"start":{"line":26,"column":1},"end":{"line":26,"column":13}}},"2":{"name":"(anonymous_2)","line":33,"loc":{"start":{"line":33,"column":5},"end":{"line":33,"column":17}}},"3":{"name":"(anonymous_3)","line":37,"loc":{"start":{"line":37,"column":24},"end":{"line":37,"column":36}}},"4":{"name":"(anonymous_4)","line":69,"loc":{"start":{"line":69,"column":31},"end":{"line":69,"column":48}},"skip":true},"5":{"name":"(anonymous_5)","line":78,"loc":{"start":{"line":78,"column":26},"end":{"line":78,"column":45}},"skip":true},"6":{"name":"(anonymous_6)","line":123,"loc":{"start":{"line":123,"column":33},"end":{"line":123,"column":48}},"skip":true},"7":{"name":"(anonymous_7)","line":125,"loc":{"start":{"line":125,"column":27},"end":{"line":125,"column":39}},"skip":true},"8":{"name":"(anonymous_8)","line":133,"loc":{"start":{"line":133,"column":59},"end":{"line":133,"column":74}},"skip":true},"9":{"name":"(anonymous_9)","line":143,"loc":{"start":{"line":143,"column":45},"end":{"line":143,"column":62}},"skip":true},"10":{"name":"(anonymous_10)","line":144,"loc":{"start":{"line":144,"column":73},"end":{"line":144,"column":92}},"skip":true},"11":{"name":"(anonymous_11)","line":272,"loc":{"start":{"line":272,"column":51},"end":{"line":272,"column":77}},"skip":true},"12":{"name":"(anonymous_12)","line":315,"loc":{"start":{"line":315,"column":32},"end":{"line":315,"column":61}},"skip":true}},"statementMap":{"1":{"start":{"line":26,"column":0},"end":{"line":326,"column":5}},"2":{"start":{"line":28,"column":4},"end":{"line":28,"column":14}},"3":{"start":{"line":33,"column":4},"end":{"line":60,"column":9}},"4":{"start":{"line":35,"column":8},"end":{"line":35,"column":19}},"5":{"start":{"line":37,"column":8},"end":{"line":49,"column":13}},"6":{"start":{"line":38,"column":12},"end":{"line":48,"column":13}},"7":{"start":{"line":39,"column":16},"end":{"line":42,"column":30}},"8":{"start":{"line":44,"column":16},"end":{"line":47,"column":27}},"9":{"start":{"line":51,"column":8},"end":{"line":53,"column":21}},"10":{"start":{"line":55,"column":8},"end":{"line":57,"column":45}},"11":{"start":{"line":59,"column":8},"end":{"line":59,"column":35}},"12":{"start":{"line":61,"column":4},"end":{"line":325,"column":5}},"13":{"start":{"line":69,"column":8},"end":{"line":121,"column":10},"skip":true},"14":{"start":{"line":70,"column":12},"end":{"line":88,"column":13},"skip":true},"15":{"start":{"line":76,"column":16},"end":{"line":87,"column":19},"skip":true},"16":{"start":{"line":79,"column":20},"end":{"line":86,"column":21},"skip":true},"17":{"start":{"line":82,"column":24},"end":{"line":82,"column":43},"skip":true},"18":{"start":{"line":83,"column":24},"end":{"line":83,"column":30},"skip":true},"19":{"start":{"line":85,"column":24},"end":{"line":85,"column":49},"skip":true},"20":{"start":{"line":89,"column":12},"end":{"line":107,"column":13},"skip":true},"21":{"start":{"line":92,"column":16},"end":{"line":102,"column":17},"skip":true},"22":{"start":{"line":93,"column":20},"end":{"line":93,"column":86},"skip":true},"23":{"start":{"line":94,"column":20},"end":{"line":95,"column":45},"skip":true},"24":{"start":{"line":96,"column":20},"end":{"line":96,"column":42},"skip":true},"25":{"start":{"line":97,"column":20},"end":{"line":97,"column":48},"skip":true},"26":{"start":{"line":100,"column":20},"end":{"line":100,"column":85},"skip":true},"27":{"start":{"line":101,"column":20},"end":{"line":101,"column":96},"skip":true},"28":{"start":{"line":103,"column":16},"end":{"line":103,"column":22},"skip":true},"29":{"start":{"line":106,"column":16},"end":{"line":106,"column":22},"skip":true},"30":{"start":{"line":108,"column":12},"end":{"line":120,"column":13},"skip":true},"31":{"start":{"line":114,"column":16},"end":{"line":119,"column":17},"skip":true},"32":{"start":{"line":116,"column":20},"end":{"line":116,"column":78},"skip":true},"33":{"start":{"line":118,"column":20},"end":{"line":118,"column":47},"skip":true},"34":{"start":{"line":123,"column":8},"end":{"line":141,"column":11},"skip":true},"35":{"start":{"line":124,"column":12},"end":{"line":124,"column":54},"skip":true},"36":{"start":{"line":125,"column":12},"end":{"line":140,"column":14},"skip":true},"37":{"start":{"line":126,"column":16},"end":{"line":126,"column":28},"skip":true},"38":{"start":{"line":127,"column":16},"end":{"line":127,"column":69},"skip":true},"39":{"start":{"line":128,"column":16},"end":{"line":128,"column":75},"skip":true},"40":{"start":{"line":129,"column":16},"end":{"line":131,"column":17},"skip":true},"41":{"start":{"line":130,"column":20},"end":{"line":130,"column":27},"skip":true},"42":{"start":{"line":133,"column":16},"end":{"line":137,"column":36},"skip":true},"43":{"start":{"line":134,"column":20},"end":{"line":136,"column":55},"skip":true},"44":{"start":{"line":139,"column":16},"end":{"line":139,"column":57},"skip":true},"45":{"start":{"line":143,"column":8},"end":{"line":147,"column":11},"skip":true},"46":{"start":{"line":144,"column":12},"end":{"line":146,"column":15},"skip":true},"47":{"start":{"line":145,"column":16},"end":{"line":145,"column":70},"skip":true},"48":{"start":{"line":149,"column":8},"end":{"line":149,"column":31},"skip":true},"49":{"start":{"line":150,"column":8},"end":{"line":150,"column":14},"skip":true},"50":{"start":{"line":158,"column":8},"end":{"line":158,"column":31},"skip":true},"51":{"start":{"line":160,"column":8},"end":{"line":160,"column":33},"skip":true},"52":{"start":{"line":161,"column":8},"end":{"line":161,"column":37},"skip":true},"53":{"start":{"line":162,"column":8},"end":{"line":162,"column":35},"skip":true},"54":{"start":{"line":164,"column":8},"end":{"line":164,"column":50},"skip":true},"55":{"start":{"line":166,"column":8},"end":{"line":256,"column":2},"skip":true},"56":{"start":{"line":258,"column":8},"end":{"line":286,"column":9},"skip":true},"57":{"start":{"line":259,"column":12},"end":{"line":269,"column":14},"skip":true},"58":{"start":{"line":271,"column":12},"end":{"line":285,"column":19},"skip":true},"59":{"start":{"line":274,"column":20},"end":{"line":274,"column":35},"skip":true},"60":{"start":{"line":275,"column":20},"end":{"line":284,"column":21},"skip":true},"61":{"start":{"line":277,"column":24},"end":{"line":277,"column":64},"skip":true},"62":{"start":{"line":279,"column":24},"end":{"line":279,"column":40},"skip":true},"63":{"start":{"line":281,"column":24},"end":{"line":281,"column":40},"skip":true},"64":{"start":{"line":283,"column":24},"end":{"line":283,"column":39},"skip":true},"65":{"start":{"line":288,"column":8},"end":{"line":290,"column":9},"skip":true},"66":{"start":{"line":289,"column":12},"end":{"line":289,"column":18},"skip":true},"67":{"start":{"line":291,"column":8},"end":{"line":293,"column":54},"skip":true},"68":{"start":{"line":296,"column":8},"end":{"line":301,"column":37},"skip":true},"69":{"start":{"line":303,"column":8},"end":{"line":303,"column":82},"skip":true},"70":{"start":{"line":306,"column":8},"end":{"line":308,"column":9},"skip":true},"71":{"start":{"line":307,"column":12},"end":{"line":307,"column":82},"skip":true},"72":{"start":{"line":310,"column":8},"end":{"line":312,"column":9},"skip":true},"73":{"start":{"line":311,"column":12},"end":{"line":311,"column":18},"skip":true},"74":{"start":{"line":313,"column":8},"end":{"line":313,"column":54},"skip":true},"75":{"start":{"line":314,"column":8},"end":{"line":314,"column":69},"skip":true},"76":{"start":{"line":315,"column":8},"end":{"line":323,"column":36},"skip":true},"77":{"start":{"line":316,"column":12},"end":{"line":316,"column":61},"skip":true},"78":{"start":{"line":317,"column":12},"end":{"line":320,"column":13},"skip":true},"79":{"start":{"line":318,"column":16},"end":{"line":318,"column":75},"skip":true},"80":{"start":{"line":319,"column":16},"end":{"line":319,"column":23},"skip":true},"81":{"start":{"line":321,"column":12},"end":{"line":321,"column":38},"skip":true},"82":{"start":{"line":322,"column":12},"end":{"line":322,"column":27},"skip":true},"83":{"start":{"line":324,"column":8},"end":{"line":324,"column":14},"skip":true}},"branchMap":{"1":{"line":39,"type":"binary-expr","locations":[{"start":{"line":39,"column":23},"end":{"line":39,"column":62}},{"start":{"line":40,"column":20},"end":{"line":40,"column":70}},{"start":{"line":41,"column":20},"end":{"line":41,"column":71}},{"start":{"line":42,"column":20},"end":{"line":42,"column":29}}]},"2":{"line":44,"type":"binary-expr","locations":[{"start":{"line":44,"column":23},"end":{"line":44,"column":37}},{"start":{"line":45,"column":20},"end":{"line":45,"column":61}},{"start":{"line":46,"column":20},"end":{"line":46,"column":70}},{"start":{"line":47,"column":20},"end":{"line":47,"column":26}}]},"3":{"line":51,"type":"cond-expr","locations":[{"start":{"line":52,"column":14},"end":{"line":52,"column":20}},{"start":{"line":53,"column":14},"end":{"line":53,"column":20}}]},"4":{"line":55,"type":"binary-expr","locations":[{"start":{"line":55,"column":16},"end":{"line":55,"column":44}},{"start":{"line":55,"column":49},"end":{"line":57,"column":43}}]},"5":{"line":55,"type":"cond-expr","locations":[{"start":{"line":56,"column":14},"end":{"line":56,"column":48}},{"start":{"line":57,"column":14},"end":{"line":57,"column":43}}]},"6":{"line":61,"type":"switch","locations":[{"start":{"line":68,"column":4},"end":{"line":150,"column":14},"skip":true},{"start":{"line":156,"column":4},"end":{"line":324,"column":14},"skip":true}]},"7":{"line":70,"type":"if","locations":[{"start":{"line":70,"column":12},"end":{"line":70,"column":12},"skip":true},{"start":{"line":70,"column":12},"end":{"line":70,"column":12},"skip":true}]},"8":{"line":70,"type":"binary-expr","locations":[{"start":{"line":70,"column":16},"end":{"line":70,"column":22},"skip":true},{"start":{"line":70,"column":27},"end":{"line":70,"column":32},"skip":true},{"start":{"line":71,"column":20},"end":{"line":71,"column":39},"skip":true},{"start":{"line":72,"column":20},"end":{"line":72,"column":49},"skip":true},{"start":{"line":73,"column":20},"end":{"line":73,"column":58},"skip":true},{"start":{"line":74,"column":20},"end":{"line":74,"column":69},"skip":true}]},"9":{"line":79,"type":"switch","locations":[{"start":{"line":80,"column":20},"end":{"line":80,"column":33},"skip":true},{"start":{"line":81,"column":20},"end":{"line":83,"column":30},"skip":true},{"start":{"line":84,"column":20},"end":{"line":85,"column":49},"skip":true}]},"10":{"line":89,"type":"switch","locations":[{"start":{"line":90,"column":12},"end":{"line":103,"column":22},"skip":true},{"start":{"line":105,"column":12},"end":{"line":106,"column":22},"skip":true}]},"11":{"line":89,"type":"binary-expr","locations":[{"start":{"line":89,"column":20},"end":{"line":89,"column":25},"skip":true},{"start":{"line":89,"column":29},"end":{"line":89,"column":48},"skip":true},{"start":{"line":89,"column":52},"end":{"line":89,"column":74},"skip":true}]},"12":{"line":92,"type":"if","locations":[{"start":{"line":92,"column":16},"end":{"line":92,"column":16},"skip":true},{"start":{"line":92,"column":16},"end":{"line":92,"column":16},"skip":true}]},"13":{"line":108,"type":"if","locations":[{"start":{"line":108,"column":12},"end":{"line":108,"column":12},"skip":true},{"start":{"line":108,"column":12},"end":{"line":108,"column":12},"skip":true}]},"14":{"line":108,"type":"binary-expr","locations":[{"start":{"line":108,"column":16},"end":{"line":108,"column":61},"skip":true},{"start":{"line":108,"column":66},"end":{"line":108,"column":72},"skip":true},{"start":{"line":108,"column":77},"end":{"line":108,"column":82},"skip":true},{"start":{"line":109,"column":20},"end":{"line":109,"column":39},"skip":true},{"start":{"line":110,"column":20},"end":{"line":110,"column":49},"skip":true},{"start":{"line":111,"column":20},"end":{"line":111,"column":58},"skip":true},{"start":{"line":112,"column":20},"end":{"line":112,"column":68},"skip":true}]},"15":{"line":129,"type":"if","locations":[{"start":{"line":129,"column":16},"end":{"line":129,"column":16},"skip":true},{"start":{"line":129,"column":16},"end":{"line":129,"column":16},"skip":true}]},"16":{"line":134,"type":"cond-expr","locations":[{"start":{"line":135,"column":26},"end":{"line":135,"column":29},"skip":true},{"start":{"line":136,"column":26},"end":{"line":136,"column":54},"skip":true}]},"17":{"line":164,"type":"binary-expr","locations":[{"start":{"line":164,"column":27},"end":{"line":164,"column":43},"skip":true},{"start":{"line":164,"column":47},"end":{"line":164,"column":49},"skip":true}]},"18":{"line":258,"type":"if","locations":[{"start":{"line":258,"column":8},"end":{"line":258,"column":8},"skip":true},{"start":{"line":258,"column":8},"end":{"line":258,"column":8},"skip":true}]},"19":{"line":275,"type":"switch","locations":[{"start":{"line":276,"column":20},"end":{"line":277,"column":64},"skip":true},{"start":{"line":278,"column":20},"end":{"line":279,"column":40},"skip":true},{"start":{"line":280,"column":20},"end":{"line":281,"column":40},"skip":true},{"start":{"line":282,"column":20},"end":{"line":283,"column":39},"skip":true}]},"20":{"line":288,"type":"if","locations":[{"start":{"line":288,"column":8},"end":{"line":288,"column":8},"skip":true},{"start":{"line":288,"column":8},"end":{"line":288,"column":8},"skip":true}]},"21":{"line":288,"type":"binary-expr","locations":[{"start":{"line":288,"column":12},"end":{"line":288,"column":40},"skip":true},{"start":{"line":288,"column":44},"end":{"line":288,"column":67},"skip":true}]},"22":{"line":292,"type":"binary-expr","locations":[{"start":{"line":292,"column":12},"end":{"line":292,"column":50},"skip":true},{"start":{"line":293,"column":12},"end":{"line":293,"column":53},"skip":true}]},"23":{"line":297,"type":"binary-expr","locations":[{"start":{"line":297,"column":12},"end":{"line":297,"column":62},"skip":true},{"start":{"line":298,"column":12},"end":{"line":301,"column":36},"skip":true}]},"24":{"line":303,"type":"binary-expr","locations":[{"start":{"line":303,"column":43},"end":{"line":303,"column":75},"skip":true},{"start":{"line":303,"column":79},"end":{"line":303,"column":81},"skip":true}]},"25":{"line":306,"type":"if","locations":[{"start":{"line":306,"column":8},"end":{"line":306,"column":8},"skip":true},{"start":{"line":306,"column":8},"end":{"line":306,"column":8},"skip":true}]},"26":{"line":310,"type":"if","locations":[{"start":{"line":310,"column":8},"end":{"line":310,"column":8},"skip":true},{"start":{"line":310,"column":8},"end":{"line":310,"column":8},"skip":true}]},"27":{"line":313,"type":"binary-expr","locations":[{"start":{"line":313,"column":27},"end":{"line":313,"column":43},"skip":true},{"start":{"line":313,"column":47},"end":{"line":313,"column":53},"skip":true}]},"28":{"line":317,"type":"if","locations":[{"start":{"line":317,"column":12},"end":{"line":317,"column":12},"skip":true},{"start":{"line":317,"column":12},"end":{"line":317,"column":12},"skip":true}]}},"code":["/*","example.js","","quickstart example","","instruction","    1. save this script as example.js","    2. run the shell command:","        $ npm install npmtest-scp2 && PORT=8081 node example.js","    3. play with the browser-demo on http://127.0.0.1:8081","*/","","","","/* istanbul instrument in package npmtest_scp2 */","/*jslint","    bitwise: true,","    browser: true,","    maxerr: 8,","    maxlen: 96,","    node: true,","    nomen: true,","    regexp: true,","    stupid: true","*/","(function () {","    'use strict';","    var local;","","","","    // run shared js-env code - pre-init","    (function () {","        // init local","        local = {};","        // init modeJs","        local.modeJs = (function () {","            try {","                return typeof navigator.userAgent === 'string' &&","                    typeof document.querySelector('body') === 'object' &&","                    typeof XMLHttpRequest.prototype.open === 'function' &&","                    'browser';","            } catch (errorCaughtBrowser) {","                return module.exports &&","                    typeof process.versions.node === 'string' &&","                    typeof require('http').createServer === 'function' &&","                    'node';","            }","        }());","        // init global","        local.global = local.modeJs === 'browser'","            ? window","            : global;","        // init utility2_rollup","        local = local.global.utility2_rollup || (local.modeJs === 'browser'","            ? local.global.utility2_npmtest_scp2","            : global.utility2_moduleExports);","        // export local","        local.global.local = local;","    }());","    switch (local.modeJs) {","","","","    // post-init","    // run browser js-env code - post-init","    /* istanbul ignore next */","    case 'browser':","        local.testRunBrowser = function (event) {","            if (!event || (event &&","                    event.currentTarget &&","                    event.currentTarget.className &&","                    event.currentTarget.className.includes &&","                    event.currentTarget.className.includes('onreset'))) {","                // reset output","                Array.from(","                    document.querySelectorAll('body > .resettable')","                ).forEach(function (element) {","                    switch (element.tagName) {","                    case 'INPUT':","                    case 'TEXTAREA':","                        element.value = '';","                        break;","                    default:","                        element.textContent = '';","                    }","                });","            }","            switch (event && event.currentTarget && event.currentTarget.id) {","            case 'testRunButton1':","                // show tests","                if (document.querySelector('#testReportDiv1').style.display === 'none') {","                    document.querySelector('#testReportDiv1').style.display = 'block';","                    document.querySelector('#testRunButton1').textContent =","                        'hide internal test';","                    local.modeTest = true;","                    local.testRunDefault(local);","                // hide tests","                } else {","                    document.querySelector('#testReportDiv1').style.display = 'none';","                    document.querySelector('#testRunButton1').textContent = 'run internal test';","                }","                break;","            // custom-case","            default:","                break;","            }","            if (document.querySelector('#inputTextareaEval1') && (!event || (event &&","                    event.currentTarget &&","                    event.currentTarget.className &&","                    event.currentTarget.className.includes &&","                    event.currentTarget.className.includes('oneval')))) {","                // try to eval input-code","                try {","                    /*jslint evil: true*/","                    eval(document.querySelector('#inputTextareaEval1').value);","                } catch (errorCaught) {","                    console.error(errorCaught);","                }","            }","        };","        // log stderr and stdout to #outputTextareaStdout1","        ['error', 'log'].forEach(function (key) {","            console[key + '_original'] = console[key];","            console[key] = function () {","                var element;","                console[key + '_original'].apply(console, arguments);","                element = document.querySelector('#outputTextareaStdout1');","                if (!element) {","                    return;","                }","                // append text to #outputTextareaStdout1","                element.value += Array.from(arguments).map(function (arg) {","                    return typeof arg === 'string'","                        ? arg","                        : JSON.stringify(arg, null, 4);","                }).join(' ') + '\\n';","                // scroll textarea to bottom","                element.scrollTop = element.scrollHeight;","            };","        });","        // init event-handling","        ['change', 'click', 'keyup'].forEach(function (event) {","            Array.from(document.querySelectorAll('.on' + event)).forEach(function (element) {","                element.addEventListener(event, local.testRunBrowser);","            });","        });","        // run tests","        local.testRunBrowser();","        break;","","","","    // run node js-env code - post-init","    /* istanbul ignore next */","    case 'node':","        // export local","        module.exports = local;","        // require modules","        local.fs = require('fs');","        local.http = require('http');","        local.url = require('url');","        // init assets","        local.assetsDict = local.assetsDict || {};","        /* jslint-ignore-begin */","        local.assetsDict['/assets.index.template.html'] = '\\","<!doctype html>\\n\\","<html lang=\"en\">\\n\\","<head>\\n\\","<meta charset=\"UTF-8\">\\n\\","<meta name=\"viewport\" content=\"width=device-width, initial-scale=1\">\\n\\","<title>{{env.npm_package_name}} (v{{env.npm_package_version}})</title>\\n\\","<style>\\n\\","/*csslint\\n\\","    box-sizing: false,\\n\\","    universal-selector: false\\n\\","*/\\n\\","* {\\n\\","    box-sizing: border-box;\\n\\","}\\n\\","body {\\n\\","    background: #dde;\\n\\","    font-family: Arial, Helvetica, sans-serif;\\n\\","    margin: 2rem;\\n\\","}\\n\\","body > * {\\n\\","    margin-bottom: 1rem;\\n\\","}\\n\\",".utility2FooterDiv {\\n\\","    margin-top: 20px;\\n\\","    text-align: center;\\n\\","}\\n\\","</style>\\n\\","<style>\\n\\","/*csslint\\n\\","*/\\n\\","textarea {\\n\\","    font-family: monospace;\\n\\","    height: 10rem;\\n\\","    width: 100%;\\n\\","}\\n\\","textarea[readonly] {\\n\\","    background: #ddd;\\n\\","}\\n\\","</style>\\n\\","</head>\\n\\","<body>\\n\\","<!-- utility2-comment\\n\\","<div id=\"ajaxProgressDiv1\" style=\"background: #d00; height: 2px; left: 0; margin: 0; padding: 0; position: fixed; top: 0; transition: background 0.5s, width 1.5s; width: 25%;\"></div>\\n\\","utility2-comment -->\\n\\","<h1>\\n\\","<!-- utility2-comment\\n\\","    <a\\n\\","        {{#if env.npm_package_homepage}}\\n\\","        href=\"{{env.npm_package_homepage}}\"\\n\\","        {{/if env.npm_package_homepage}}\\n\\","        target=\"_blank\"\\n\\","    >\\n\\","utility2-comment -->\\n\\","        {{env.npm_package_name}} (v{{env.npm_package_version}})\\n\\","<!-- utility2-comment\\n\\","    </a>\\n\\","utility2-comment -->\\n\\","</h1>\\n\\","<h3>{{env.npm_package_description}}</h3>\\n\\","<!-- utility2-comment\\n\\","<h4><a download href=\"assets.app.js\">download standalone app</a></h4>\\n\\","<button class=\"onclick onreset\" id=\"testRunButton1\">run internal test</button><br>\\n\\","<div id=\"testReportDiv1\" style=\"display: none;\"></div>\\n\\","utility2-comment -->\\n\\","\\n\\","\\n\\","\\n\\","<label>stderr and stdout</label>\\n\\","<textarea class=\"resettable\" id=\"outputTextareaStdout1\" readonly></textarea>\\n\\","<!-- utility2-comment\\n\\","{{#if isRollup}}\\n\\","<script src=\"assets.app.js\"></script>\\n\\","{{#unless isRollup}}\\n\\","utility2-comment -->\\n\\","<script src=\"assets.utility2.rollup.js\"></script>\\n\\","<script src=\"jsonp.utility2._stateInit?callback=window.utility2._stateInit\"></script>\\n\\","<script src=\"assets.npmtest_scp2.rollup.js\"></script>\\n\\","<script src=\"assets.example.js\"></script>\\n\\","<script src=\"assets.test.js\"></script>\\n\\","<!-- utility2-comment\\n\\","{{/if isRollup}}\\n\\","utility2-comment -->\\n\\","<div class=\"utility2FooterDiv\">\\n\\","    [ this app was created with\\n\\","    <a href=\"https://github.com/kaizhu256/node-utility2\" target=\"_blank\">utility2</a>\\n\\","    ]\\n\\","</div>\\n\\","</body>\\n\\","</html>\\n\\","';","        /* jslint-ignore-end */","        if (local.templateRender) {","            local.assetsDict['/'] = local.templateRender(","                local.assetsDict['/assets.index.template.html'],","                {","                    env: local.objectSetDefault(local.env, {","                        npm_package_description: 'the greatest app in the world!',","                        npm_package_name: 'my-app',","                        npm_package_nameAlias: 'my_app',","                        npm_package_version: '0.0.1'","                    })","                }","            );","        } else {","            local.assetsDict['/'] = local.assetsDict['/assets.index.template.html']","                .replace((/\\{\\{env\\.(\\w+?)\\}\\}/g), function (match0, match1) {","                    // jslint-hack","                    String(match0);","                    switch (match1) {","                    case 'npm_package_description':","                        return 'the greatest app in the world!';","                    case 'npm_package_name':","                        return 'my-app';","                    case 'npm_package_nameAlias':","                        return 'my_app';","                    case 'npm_package_version':","                        return '0.0.1';","                    }","                });","        }","        // run the cli","        if (local.global.utility2_rollup || module !== require.main) {","            break;","        }","        local.assetsDict['/assets.example.js'] =","            local.assetsDict['/assets.example.js'] ||","            local.fs.readFileSync(__filename, 'utf8');","        // bug-workaround - long $npm_package_buildCustomOrg","        /* jslint-ignore-begin */","        local.assetsDict['/assets.npmtest_scp2.rollup.js'] =","            local.assetsDict['/assets.npmtest_scp2.rollup.js'] ||","            local.fs.readFileSync(","                local.npmtest_scp2.__dirname + '/lib.npmtest_scp2.js',","                'utf8'","            ).replace((/^#!/), '//');","        /* jslint-ignore-end */","        local.assetsDict['/favicon.ico'] = local.assetsDict['/favicon.ico'] || '';","        // if $npm_config_timeout_exit exists,","        // then exit this process after $npm_config_timeout_exit ms","        if (Number(process.env.npm_config_timeout_exit)) {","            setTimeout(process.exit, Number(process.env.npm_config_timeout_exit));","        }","        // start server","        if (local.global.utility2_serverHttp1) {","            break;","        }","        process.env.PORT = process.env.PORT || '8081';","        console.error('server starting on port ' + process.env.PORT);","        local.http.createServer(function (request, response) {","            request.urlParsed = local.url.parse(request.url);","            if (local.assetsDict[request.urlParsed.pathname] !== undefined) {","                response.end(local.assetsDict[request.urlParsed.pathname]);","                return;","            }","            response.statusCode = 404;","            response.end();","        }).listen(process.env.PORT);","        break;","    }","}());",""],"l":{"26":2,"28":2,"33":2,"35":2,"37":2,"38":2,"39":2,"44":1,"51":2,"55":2,"59":2,"61":2,"69":1,"70":2,"76":2,"79":2,"82":2,"83":2,"85":1,"89":2,"92":1,"93":1,"94":1,"96":1,"97":1,"100":1,"101":1,"103":1,"106":1,"108":2,"114":1,"116":1,"118":1,"123":1,"124":2,"125":2,"126":3,"127":3,"128":3,"129":3,"130":1,"133":3,"134":3,"139":3,"143":1,"144":3,"145":1,"149":1,"150":1,"158":1,"160":1,"161":1,"162":1,"164":1,"166":1,"258":1,"259":1,"271":1,"274":6,"275":6,"277":1,"279":2,"281":1,"283":2,"288":1,"289":1,"291":1,"296":1,"303":1,"306":1,"307":1,"310":1,"311":1,"313":1,"314":1,"315":1,"316":1,"317":1,"318":1,"319":1,"321":1,"322":1,"324":1}},"/home/travis/build/npmtest/node-npmtest-scp2/node_modules/scp2/index.js":{"path":"/home/travis/build/npmtest/node-npmtest-scp2/node_modules/scp2/index.js","s":{"1":1},"b":{},"f":{},"fnMap":{},"statementMap":{"1":{"start":{"line":1,"column":0},"end":{"line":1,"column":38}}},"branchMap":{},"code":["module.exports = require('./lib/scp');",""],"l":{"1":1}},"/home/travis/build/npmtest/node-npmtest-scp2/node_modules/scp2/lib/scp.js":{"path":"/home/travis/build/npmtest/node-npmtest-scp2/node_modules/scp2/lib/scp.js","s":{"1":1,"2":1,"3":1,"4":1,"5":1,"6":1,"7":1,"8":0,"9":0,"10":0,"11":0,"12":0,"13":0,"14":0,"15":0,"16":0,"17":0,"18":0,"19":0,"20":0,"21":0,"22":0,"23":0,"24":0,"25":0,"26":0,"27":0,"28":0,"29":0,"30":0,"31":0,"32":0,"33":0,"34":0,"35":0,"36":0,"37":0,"38":0,"39":0,"40":0,"41":0,"42":0,"43":0,"44":0,"45":0,"46":1,"47":0,"48":0,"49":0,"50":0,"51":0,"52":0,"53":1,"54":1,"55":1,"56":0,"57":0,"58":0,"59":0,"60":0,"61":0,"62":0,"63":0},"b":{"1":[0,0],"2":[0,0],"3":[0,0],"4":[0,0],"5":[0,0],"6":[0,0],"7":[0,0],"8":[0,0],"9":[0,0],"10":[0,0],"11":[0,0],"12":[0,0]},"f":{"1":0,"2":0,"3":0,"4":0,"5":0,"6":0,"7":0,"8":0,"9":0,"10":0,"11":0,"12":0,"13":0,"14":0},"fnMap":{"1":{"name":"cp2remote","line":8,"loc":{"start":{"line":8,"column":0},"end":{"line":8,"column":48}}},"2":{"name":"(anonymous_2)","line":11,"loc":{"start":{"line":11,"column":16},"end":{"line":11,"column":42}}},"3":{"name":"(anonymous_3)","line":14,"loc":{"start":{"line":14,"column":28},"end":{"line":14,"column":50}}},"4":{"name":"(anonymous_4)","line":15,"loc":{"start":{"line":15,"column":21},"end":{"line":15,"column":42}}},"5":{"name":"(anonymous_5)","line":29,"loc":{"start":{"line":29,"column":7},"end":{"line":29,"column":21}}},"6":{"name":"closeHandler","line":31,"loc":{"start":{"line":31,"column":25},"end":{"line":31,"column":49}}},"7":{"name":"(anonymous_7)","line":40,"loc":{"start":{"line":40,"column":17},"end":{"line":40,"column":38}}},"8":{"name":"(anonymous_8)","line":46,"loc":{"start":{"line":46,"column":47},"end":{"line":46,"column":61}}},"9":{"name":"closeHandler","line":47,"loc":{"start":{"line":47,"column":29},"end":{"line":47,"column":53}}},"10":{"name":"(anonymous_10)","line":54,"loc":{"start":{"line":54,"column":48},"end":{"line":54,"column":69}}},"11":{"name":"(anonymous_11)","line":66,"loc":{"start":{"line":66,"column":14},"end":{"line":66,"column":35}}},"12":{"name":"cp2local","line":77,"loc":{"start":{"line":77,"column":0},"end":{"line":77,"column":47}}},"13":{"name":"(anonymous_13)","line":84,"loc":{"start":{"line":84,"column":37},"end":{"line":84,"column":49}}},"14":{"name":"(anonymous_14)","line":94,"loc":{"start":{"line":94,"column":14},"end":{"line":94,"column":52}}}},"statementMap":{"1":{"start":{"line":1,"column":0},"end":{"line":1,"column":23}},"2":{"start":{"line":2,"column":0},"end":{"line":2,"column":27}},"3":{"start":{"line":3,"column":0},"end":{"line":3,"column":27}},"4":{"start":{"line":4,"column":0},"end":{"line":4,"column":29}},"5":{"start":{"line":5,"column":0},"end":{"line":5,"column":40}},"6":{"start":{"line":6,"column":0},"end":{"line":6,"column":33}},"7":{"start":{"line":8,"column":0},"end":{"line":74,"column":1}},"8":{"start":{"line":9,"column":2},"end":{"line":9,"column":21}},"9":{"start":{"line":11,"column":2},"end":{"line":37,"column":4}},"10":{"start":{"line":12,"column":4},"end":{"line":12,"column":27}},"11":{"start":{"line":14,"column":4},"end":{"line":36,"column":7}},"12":{"start":{"line":15,"column":6},"end":{"line":28,"column":9}},"13":{"start":{"line":16,"column":8},"end":{"line":19,"column":9}},"14":{"start":{"line":17,"column":10},"end":{"line":17,"column":20}},"15":{"start":{"line":18,"column":10},"end":{"line":18,"column":17}},"16":{"start":{"line":20,"column":8},"end":{"line":27,"column":9}},"17":{"start":{"line":21,"column":10},"end":{"line":21,"column":52}},"18":{"start":{"line":22,"column":10},"end":{"line":24,"column":12}},"19":{"start":{"line":26,"column":10},"end":{"line":26,"column":17}},"20":{"start":{"line":31,"column":6},"end":{"line":34,"column":9}},"21":{"start":{"line":32,"column":8},"end":{"line":32,"column":22}},"22":{"start":{"line":33,"column":8},"end":{"line":33,"column":53}},"23":{"start":{"line":35,"column":6},"end":{"line":35,"column":21}},"24":{"start":{"line":39,"column":2},"end":{"line":73,"column":3}},"25":{"start":{"line":40,"column":4},"end":{"line":64,"column":7}},"26":{"start":{"line":41,"column":6},"end":{"line":44,"column":7}},"27":{"start":{"line":42,"column":8},"end":{"line":42,"column":22}},"28":{"start":{"line":43,"column":8},"end":{"line":43,"column":15}},"29":{"start":{"line":45,"column":6},"end":{"line":63,"column":7}},"30":{"start":{"line":46,"column":8},"end":{"line":52,"column":11}},"31":{"start":{"line":47,"column":10},"end":{"line":50,"column":13}},"32":{"start":{"line":48,"column":12},"end":{"line":48,"column":26}},"33":{"start":{"line":49,"column":12},"end":{"line":49,"column":57}},"34":{"start":{"line":51,"column":10},"end":{"line":51,"column":25}},"35":{"start":{"line":53,"column":13},"end":{"line":63,"column":7}},"36":{"start":{"line":54,"column":8},"end":{"line":60,"column":11}},"37":{"start":{"line":55,"column":10},"end":{"line":59,"column":11}},"38":{"start":{"line":56,"column":12},"end":{"line":56,"column":26}},"39":{"start":{"line":58,"column":12},"end":{"line":58,"column":37}},"40":{"start":{"line":62,"column":8},"end":{"line":62,"column":32}},"41":{"start":{"line":66,"column":4},"end":{"line":72,"column":7}},"42":{"start":{"line":67,"column":6},"end":{"line":70,"column":7}},"43":{"start":{"line":68,"column":8},"end":{"line":68,"column":22}},"44":{"start":{"line":69,"column":8},"end":{"line":69,"column":15}},"45":{"start":{"line":71,"column":6},"end":{"line":71,"column":31}},"46":{"start":{"line":77,"column":0},"end":{"line":88,"column":1}},"47":{"start":{"line":78,"column":2},"end":{"line":78,"column":33}},"48":{"start":{"line":81,"column":2},"end":{"line":83,"column":3}},"49":{"start":{"line":82,"column":4},"end":{"line":82,"column":45}},"50":{"start":{"line":84,"column":2},"end":{"line":87,"column":5}},"51":{"start":{"line":85,"column":6},"end":{"line":85,"column":21}},"52":{"start":{"line":86,"column":6},"end":{"line":86,"column":38}},"53":{"start":{"line":90,"column":0},"end":{"line":90,"column":41}},"54":{"start":{"line":92,"column":0},"end":{"line":92,"column":24}},"55":{"start":{"line":94,"column":0},"end":{"line":106,"column":2}},"56":{"start":{"line":95,"column":2},"end":{"line":98,"column":3}},"57":{"start":{"line":96,"column":4},"end":{"line":96,"column":22}},"58":{"start":{"line":97,"column":4},"end":{"line":97,"column":26}},"59":{"start":{"line":99,"column":2},"end":{"line":99,"column":31}},"60":{"start":{"line":100,"column":2},"end":{"line":100,"column":33}},"61":{"start":{"line":101,"column":2},"end":{"line":105,"column":3}},"62":{"start":{"line":102,"column":4},"end":{"line":102,"column":45}},"63":{"start":{"line":104,"column":4},"end":{"line":104,"column":43}}},"branchMap":{"1":{"line":16,"type":"if","locations":[{"start":{"line":16,"column":8},"end":{"line":16,"column":8}},{"start":{"line":16,"column":8},"end":{"line":16,"column":8}}]},"2":{"line":20,"type":"if","locations":[{"start":{"line":20,"column":8},"end":{"line":20,"column":8}},{"start":{"line":20,"column":8},"end":{"line":20,"column":8}}]},"3":{"line":39,"type":"if","locations":[{"start":{"line":39,"column":2},"end":{"line":39,"column":2}},{"start":{"line":39,"column":2},"end":{"line":39,"column":2}}]},"4":{"line":41,"type":"if","locations":[{"start":{"line":41,"column":6},"end":{"line":41,"column":6}},{"start":{"line":41,"column":6},"end":{"line":41,"column":6}}]},"5":{"line":45,"type":"if","locations":[{"start":{"line":45,"column":6},"end":{"line":45,"column":6}},{"start":{"line":45,"column":6},"end":{"line":45,"column":6}}]},"6":{"line":53,"type":"if","locations":[{"start":{"line":53,"column":13},"end":{"line":53,"column":13}},{"start":{"line":53,"column":13},"end":{"line":53,"column":13}}]},"7":{"line":55,"type":"if","locations":[{"start":{"line":55,"column":10},"end":{"line":55,"column":10}},{"start":{"line":55,"column":10},"end":{"line":55,"column":10}}]},"8":{"line":67,"type":"if","locations":[{"start":{"line":67,"column":6},"end":{"line":67,"column":6}},{"start":{"line":67,"column":6},"end":{"line":67,"column":6}}]},"9":{"line":81,"type":"if","locations":[{"start":{"line":81,"column":2},"end":{"line":81,"column":2}},{"start":{"line":81,"column":2},"end":{"line":81,"column":2}}]},"10":{"line":95,"type":"if","locations":[{"start":{"line":95,"column":2},"end":{"line":95,"column":2}},{"start":{"line":95,"column":2},"end":{"line":95,"column":2}}]},"11":{"line":101,"type":"if","locations":[{"start":{"line":101,"column":2},"end":{"line":101,"column":2}},{"start":{"line":101,"column":2},"end":{"line":101,"column":2}}]},"12":{"line":101,"type":"binary-expr","locations":[{"start":{"line":101,"column":6},"end":{"line":101,"column":17}},{"start":{"line":101,"column":21},"end":{"line":101,"column":32}}]}},"code":["var fs = require('fs');","var path = require('path');","var glob = require('glob');","var async = require('async');","var Client = require('./client').Client;","var global_client = new Client();","","function cp2remote(client, src, dest, callback) {","  client.parse(dest);","","  var _upload = function(files, callback) {","    var rootdir = files[0];","","    async.eachSeries(files, function(fpath, done) {","      fs.stat(fpath, function(err, stats) {","        if (err) {","          done(err);","          return;","        }","        if (stats.isFile()) {","          var fname = path.relative(rootdir, fpath);","          client.upload(","            fpath, path.join(client.remote.path, fname), done","          );","        } else {","          done();","        }","      });","    }, function(err) {","      // never forget to close the session","      client.on('close', function closeHandler() {","        callback(err);","        client.removeListener('close', closeHandler);","      });","      client.close();","    });","  };","","  if (src.indexOf('*') === -1) {","    fs.stat(src, function(err, stats) {","      if (err) {","        callback(err);","        return;","      }","      if (stats.isFile()) {","        client.upload(src, client.remote.path, function(err) {","          client.on('close', function closeHandler() {","            callback(err);","            client.removeListener('close', closeHandler);","          });","          client.close();","        });","      } else if (stats.isDirectory()) {","        glob(src.replace(/\\/$/, '') + '/**/**', function(err, files) {","          if (err) {","            callback(err);","          } else {","            _upload(files, callback);","          }","        });","      } else {","        callback('unsupported');","      }","    });","  } else {","    glob(src, function(err, files) {","      if (err) {","        callback(err);","        return;","      }","      _upload(files, callback);","    });","  }","}","","","function cp2local(client, src, dest, callback) {","  var remote = client.parse(src);","  // only works on single file now","  // TODO: glob match","  if (/\\/$/.test(dest)) {","    dest = dest + path.basename(remote.path);","  }","  client.download(remote.path, dest, function () {","      client.close();","      callback.apply(this, arguments);","  });","}","","exports = module.exports = global_client;","","exports.Client = Client;","","exports.scp = function(src, dest, client, callback) {","  if (typeof client === 'function') {","    callback = client;","    client = new Client();","  }","  client.on('error', callback);","  var parsed = client.parse(src);","  if (parsed.host && parsed.path) {","    cp2local(client, parsed, dest, callback);","  } else {","    cp2remote(client, src, dest, callback);","  }","};",""],"l":{"1":1,"2":1,"3":1,"4":1,"5":1,"6":1,"8":1,"9":0,"11":0,"12":0,"14":0,"15":0,"16":0,"17":0,"18":0,"20":0,"21":0,"22":0,"26":0,"31":0,"32":0,"33":0,"35":0,"39":0,"40":0,"41":0,"42":0,"43":0,"45":0,"46":0,"47":0,"48":0,"49":0,"51":0,"53":0,"54":0,"55":0,"56":0,"58":0,"62":0,"66":0,"67":0,"68":0,"69":0,"71":0,"77":1,"78":0,"81":0,"82":0,"84":0,"85":0,"86":0,"90":1,"92":1,"94":1,"95":0,"96":0,"97":0,"99":0,"100":0,"101":0,"102":0,"104":0}},"/home/travis/build/npmtest/node-npmtest-scp2/node_modules/scp2/lib/client.js":{"path":"/home/travis/build/npmtest/node-npmtest-scp2/node_modules/scp2/lib/client.js","s":{"1":1,"2":1,"3":1,"4":1,"5":1,"6":1,"7":1,"8":1,"9":2,"10":2,"11":1,"12":1,"13":0,"14":0,"15":0,"16":1,"17":0,"18":0,"19":0,"20":0,"21":0,"22":0,"23":0,"24":0,"25":0,"26":0,"27":0,"28":0,"29":0,"30":0,"31":0,"32":0,"33":0,"34":0,"35":1,"36":0,"37":0,"38":0,"39":0,"40":0,"41":0,"42":0,"43":0,"44":0,"45":0,"46":0,"47":0,"48":0,"49":0,"50":0,"51":0,"52":0,"53":0,"54":0,"55":0,"56":0,"57":0,"58":0,"59":0,"60":0,"61":0,"62":0,"63":0,"64":0,"65":0,"66":0,"67":0,"68":0,"69":1,"70":0,"71":0,"72":0,"73":0,"74":0,"75":0,"76":1,"77":0,"78":0,"79":0,"80":0,"81":0,"82":0,"83":0,"84":0,"85":0,"86":0,"87":0,"88":0,"89":0,"90":0,"91":0,"92":0,"93":0,"94":0,"95":0,"96":0,"97":0,"98":0,"99":0,"100":0,"101":0,"102":1,"103":0,"104":0,"105":0,"106":0,"107":0,"108":0,"109":0,"110":0,"111":0,"112":0,"113":0,"114":0,"115":0,"116":0,"117":0,"118":0,"119":0,"120":0,"121":0,"122":0,"123":0,"124":0,"125":0,"126":0,"127":0,"128":0,"129":0,"130":0,"131":0,"132":0,"133":0,"134":0,"135":0,"136":0,"137":0,"138":0,"139":0,"140":0,"141":0,"142":0,"143":0,"144":0,"145":0,"146":0,"147":0,"148":0,"149":0,"150":0,"151":0,"152":0,"153":0,"154":0,"155":1,"156":0,"157":0,"158":0,"159":0,"160":0,"161":0,"162":0,"163":0,"164":0,"165":0,"166":0,"167":0,"168":0,"169":0,"170":0,"171":1,"172":0,"173":0,"174":0,"175":0,"176":0,"177":0,"178":0,"179":0,"180":0,"181":0,"182":0,"183":1,"184":1,"185":1,"186":0,"187":0,"188":0,"189":1,"190":0,"191":0,"192":0,"193":0,"194":0},"b":{"1":[2,2],"2":[0,0],"3":[0,0],"4":[0,0],"5":[0,0],"6":[0,0],"7":[0,0],"8":[0,0],"9":[0,0],"10":[0,0],"11":[0,0],"12":[0,0],"13":[0,0],"14":[0,0],"15":[0,0],"16":[0,0],"17":[0,0],"18":[0,0],"19":[0,0],"20":[0,0],"21":[0,0],"22":[0,0],"23":[0,0],"24":[0,0],"25":[0,0],"26":[0,0],"27":[0,0],"28":[0,0],"29":[0,0],"30":[0,0],"31":[0,0],"32":[0,0],"33":[0,0],"34":[0,0],"35":[0,0]},"f":{"1":2,"2":0,"3":0,"4":0,"5":0,"6":0,"7":0,"8":0,"9":0,"10":0,"11":0,"12":0,"13":0,"14":0,"15":0,"16":0,"17":0,"18":0,"19":0,"20":0,"21":0,"22":0,"23":0,"24":0,"25":0,"26":0,"27":0,"28":0,"29":0,"30":0,"31":0,"32":0,"33":0,"34":0,"35":0,"36":0,"37":0,"38":0,"39":0,"40":0,"41":0,"42":0,"43":0,"44":0,"45":0,"46":0,"47":0,"48":0,"49":0,"50":0},"fnMap":{"1":{"name":"Client","line":10,"loc":{"start":{"line":10,"column":0},"end":{"line":10,"column":25}}},"2":{"name":"(anonymous_2)","line":17,"loc":{"start":{"line":17,"column":28},"end":{"line":17,"column":46}}},"3":{"name":"(anonymous_3)","line":25,"loc":{"start":{"line":25,"column":25},"end":{"line":25,"column":42}}},"4":{"name":"(anonymous_4)","line":53,"loc":{"start":{"line":53,"column":24},"end":{"line":53,"column":43}}},"5":{"name":"(anonymous_5)","line":67,"loc":{"start":{"line":67,"column":20},"end":{"line":67,"column":31}}},"6":{"name":"(anonymous_6)","line":70,"loc":{"start":{"line":70,"column":18},"end":{"line":70,"column":29}}},"7":{"name":"(anonymous_7)","line":73,"loc":{"start":{"line":73,"column":13},"end":{"line":73,"column":33}}},"8":{"name":"(anonymous_8)","line":80,"loc":{"start":{"line":80,"column":18},"end":{"line":80,"column":32}}},"9":{"name":"(anonymous_9)","line":84,"loc":{"start":{"line":84,"column":16},"end":{"line":84,"column":27}}},"10":{"name":"(anonymous_10)","line":87,"loc":{"start":{"line":87,"column":18},"end":{"line":87,"column":29}}},"11":{"name":"(anonymous_11)","line":90,"loc":{"start":{"line":90,"column":33},"end":{"line":90,"column":97}}},"12":{"name":"(anonymous_12)","line":93,"loc":{"start":{"line":93,"column":28},"end":{"line":93,"column":62}}},"13":{"name":"(anonymous_13)","line":96,"loc":{"start":{"line":96,"column":27},"end":{"line":96,"column":61}}},"14":{"name":"(anonymous_14)","line":103,"loc":{"start":{"line":103,"column":25},"end":{"line":103,"column":36}}},"15":{"name":"(anonymous_15)","line":115,"loc":{"start":{"line":115,"column":25},"end":{"line":115,"column":56}}},"16":{"name":"(anonymous_16)","line":129,"loc":{"start":{"line":129,"column":12},"end":{"line":129,"column":32}}},"17":{"name":"(anonymous_17)","line":135,"loc":{"start":{"line":135,"column":16},"end":{"line":135,"column":40}}},"18":{"name":"(anonymous_18)","line":140,"loc":{"start":{"line":140,"column":16},"end":{"line":140,"column":27}}},"19":{"name":"(anonymous_19)","line":142,"loc":{"start":{"line":142,"column":7},"end":{"line":142,"column":22}}},"20":{"name":"(anonymous_20)","line":144,"loc":{"start":{"line":144,"column":21},"end":{"line":144,"column":41}}},"21":{"name":"(anonymous_21)","line":153,"loc":{"start":{"line":153,"column":7},"end":{"line":153,"column":21}}},"22":{"name":"(anonymous_22)","line":165,"loc":{"start":{"line":165,"column":25},"end":{"line":165,"column":53}}},"23":{"name":"(anonymous_23)","line":175,"loc":{"start":{"line":175,"column":12},"end":{"line":175,"column":32}}},"24":{"name":"(anonymous_24)","line":180,"loc":{"start":{"line":180,"column":17},"end":{"line":180,"column":34}}},"25":{"name":"(anonymous_25)","line":193,"loc":{"start":{"line":193,"column":35},"end":{"line":193,"column":59}}},"26":{"name":"(anonymous_26)","line":195,"loc":{"start":{"line":195,"column":60},"end":{"line":195,"column":74}}},"27":{"name":"(anonymous_27)","line":200,"loc":{"start":{"line":200,"column":11},"end":{"line":200,"column":25}}},"28":{"name":"(anonymous_28)","line":207,"loc":{"start":{"line":207,"column":32},"end":{"line":207,"column":56}}},"29":{"name":"(anonymous_29)","line":214,"loc":{"start":{"line":214,"column":57},"end":{"line":214,"column":86}}},"30":{"name":"(anonymous_30)","line":216,"loc":{"start":{"line":216,"column":62},"end":{"line":216,"column":76}}},"31":{"name":"(anonymous_31)","line":222,"loc":{"start":{"line":222,"column":11},"end":{"line":222,"column":25}}},"32":{"name":"(anonymous_32)","line":223,"loc":{"start":{"line":223,"column":29},"end":{"line":223,"column":43}}},"33":{"name":"(anonymous_33)","line":232,"loc":{"start":{"line":232,"column":39},"end":{"line":232,"column":61}}},"34":{"name":"(anonymous_34)","line":242,"loc":{"start":{"line":242,"column":43},"end":{"line":242,"column":65}}},"35":{"name":"(anonymous_35)","line":252,"loc":{"start":{"line":252,"column":26},"end":{"line":252,"column":56}}},"36":{"name":"(anonymous_36)","line":258,"loc":{"start":{"line":258,"column":4},"end":{"line":258,"column":23}}},"37":{"name":"(anonymous_37)","line":261,"loc":{"start":{"line":261,"column":4},"end":{"line":261,"column":29}}},"38":{"name":"(anonymous_38)","line":265,"loc":{"start":{"line":265,"column":33},"end":{"line":265,"column":56}}},"39":{"name":"(anonymous_39)","line":267,"loc":{"start":{"line":267,"column":48},"end":{"line":267,"column":61}}},"40":{"name":"(anonymous_40)","line":270,"loc":{"start":{"line":270,"column":4},"end":{"line":270,"column":29}}},"41":{"name":"(anonymous_41)","line":271,"loc":{"start":{"line":271,"column":24},"end":{"line":271,"column":42}}},"42":{"name":"(anonymous_42)","line":273,"loc":{"start":{"line":273,"column":4},"end":{"line":273,"column":33}}},"43":{"name":"(anonymous_43)","line":281,"loc":{"start":{"line":281,"column":5},"end":{"line":281,"column":19}}},"44":{"name":"(anonymous_44)","line":286,"loc":{"start":{"line":286,"column":28},"end":{"line":286,"column":58}}},"45":{"name":"(anonymous_45)","line":289,"loc":{"start":{"line":289,"column":12},"end":{"line":289,"column":30}}},"46":{"name":"(anonymous_46)","line":295,"loc":{"start":{"line":295,"column":32},"end":{"line":295,"column":45}}},"47":{"name":"(anonymous_47)","line":299,"loc":{"start":{"line":299,"column":16},"end":{"line":299,"column":26}}},"48":{"name":"(anonymous_48)","line":303,"loc":{"start":{"line":303,"column":17},"end":{"line":303,"column":30}}},"49":{"name":"unixy","line":312,"loc":{"start":{"line":312,"column":0},"end":{"line":312,"column":25}}},"50":{"name":"getFolderAttr","line":319,"loc":{"start":{"line":319,"column":0},"end":{"line":319,"column":40}}}},"statementMap":{"1":{"start":{"line":1,"column":0},"end":{"line":1,"column":23}},"2":{"start":{"line":2,"column":0},"end":{"line":2,"column":27}},"3":{"start":{"line":3,"column":0},"end":{"line":3,"column":27}},"4":{"start":{"line":4,"column":0},"end":{"line":4,"column":29}},"5":{"start":{"line":5,"column":0},"end":{"line":5,"column":50}},"6":{"start":{"line":6,"column":0},"end":{"line":6,"column":33}},"7":{"start":{"line":7,"column":0},"end":{"line":7,"column":26}},"8":{"start":{"line":10,"column":0},"end":{"line":14,"column":1}},"9":{"start":{"line":11,"column":2},"end":{"line":11,"column":32}},"10":{"start":{"line":13,"column":2},"end":{"line":13,"column":19}},"11":{"start":{"line":15,"column":0},"end":{"line":15,"column":36}},"12":{"start":{"line":17,"column":0},"end":{"line":23,"column":2}},"13":{"start":{"line":18,"column":2},"end":{"line":22,"column":3}},"14":{"start":{"line":19,"column":4},"end":{"line":19,"column":34}},"15":{"start":{"line":21,"column":4},"end":{"line":21,"column":25}},"16":{"start":{"line":25,"column":0},"end":{"line":51,"column":2}},"17":{"start":{"line":26,"column":2},"end":{"line":48,"column":3}},"18":{"start":{"line":28,"column":4},"end":{"line":28,"column":69}},"19":{"start":{"line":29,"column":4},"end":{"line":29,"column":32}},"20":{"start":{"line":30,"column":4},"end":{"line":30,"column":22}},"21":{"start":{"line":30,"column":12},"end":{"line":30,"column":22}},"22":{"start":{"line":31,"column":4},"end":{"line":34,"column":6}},"23":{"start":{"line":35,"column":4},"end":{"line":37,"column":5}},"24":{"start":{"line":36,"column":6},"end":{"line":36,"column":35}},"25":{"start":{"line":38,"column":4},"end":{"line":40,"column":5}},"26":{"start":{"line":39,"column":6},"end":{"line":39,"column":34}},"27":{"start":{"line":41,"column":4},"end":{"line":45,"column":5}},"28":{"start":{"line":42,"column":6},"end":{"line":42,"column":22}},"29":{"start":{"line":43,"column":11},"end":{"line":45,"column":5}},"30":{"start":{"line":44,"column":6},"end":{"line":44,"column":22}},"31":{"start":{"line":46,"column":4},"end":{"line":46,"column":22}},"32":{"start":{"line":47,"column":4},"end":{"line":47,"column":15}},"33":{"start":{"line":49,"column":2},"end":{"line":49,"column":23}},"34":{"start":{"line":50,"column":2},"end":{"line":50,"column":16}},"35":{"start":{"line":53,"column":0},"end":{"line":101,"column":2}},"36":{"start":{"line":54,"column":2},"end":{"line":57,"column":3}},"37":{"start":{"line":55,"column":4},"end":{"line":55,"column":32}},"38":{"start":{"line":56,"column":4},"end":{"line":56,"column":11}},"39":{"start":{"line":59,"column":2},"end":{"line":59,"column":54}},"40":{"start":{"line":60,"column":2},"end":{"line":63,"column":3}},"41":{"start":{"line":61,"column":4},"end":{"line":61,"column":31}},"42":{"start":{"line":62,"column":4},"end":{"line":62,"column":11}},"43":{"start":{"line":65,"column":2},"end":{"line":65,"column":18}},"44":{"start":{"line":66,"column":2},"end":{"line":66,"column":29}},"45":{"start":{"line":67,"column":2},"end":{"line":69,"column":5}},"46":{"start":{"line":68,"column":4},"end":{"line":68,"column":25}},"47":{"start":{"line":70,"column":2},"end":{"line":79,"column":5}},"48":{"start":{"line":71,"column":4},"end":{"line":71,"column":23}},"49":{"start":{"line":73,"column":4},"end":{"line":78,"column":7}},"50":{"start":{"line":74,"column":6},"end":{"line":74,"column":25}},"51":{"start":{"line":74,"column":15},"end":{"line":74,"column":25}},"52":{"start":{"line":76,"column":6},"end":{"line":76,"column":25}},"53":{"start":{"line":77,"column":6},"end":{"line":77,"column":26}},"54":{"start":{"line":80,"column":2},"end":{"line":83,"column":5}},"55":{"start":{"line":81,"column":4},"end":{"line":81,"column":28}},"56":{"start":{"line":82,"column":4},"end":{"line":82,"column":18}},"57":{"start":{"line":84,"column":2},"end":{"line":86,"column":5}},"58":{"start":{"line":85,"column":4},"end":{"line":85,"column":21}},"59":{"start":{"line":87,"column":2},"end":{"line":89,"column":5}},"60":{"start":{"line":88,"column":4},"end":{"line":88,"column":23}},"61":{"start":{"line":90,"column":2},"end":{"line":92,"column":5}},"62":{"start":{"line":91,"column":4},"end":{"line":91,"column":93}},"63":{"start":{"line":93,"column":2},"end":{"line":95,"column":5}},"64":{"start":{"line":94,"column":4},"end":{"line":94,"column":58}},"65":{"start":{"line":96,"column":2},"end":{"line":98,"column":5}},"66":{"start":{"line":97,"column":4},"end":{"line":97,"column":57}},"67":{"start":{"line":99,"column":2},"end":{"line":99,"column":22}},"68":{"start":{"line":100,"column":2},"end":{"line":100,"column":19}},"69":{"start":{"line":103,"column":0},"end":{"line":112,"column":2}},"70":{"start":{"line":104,"column":2},"end":{"line":107,"column":3}},"71":{"start":{"line":105,"column":4},"end":{"line":105,"column":22}},"72":{"start":{"line":106,"column":4},"end":{"line":106,"column":23}},"73":{"start":{"line":108,"column":2},"end":{"line":111,"column":3}},"74":{"start":{"line":109,"column":4},"end":{"line":109,"column":21}},"75":{"start":{"line":110,"column":4},"end":{"line":110,"column":22}},"76":{"start":{"line":115,"column":0},"end":{"line":163,"column":2}},"77":{"start":{"line":116,"column":2},"end":{"line":119,"column":3}},"78":{"start":{"line":117,"column":4},"end":{"line":117,"column":21}},"79":{"start":{"line":118,"column":4},"end":{"line":118,"column":22}},"80":{"start":{"line":121,"column":2},"end":{"line":123,"column":3}},"81":{"start":{"line":122,"column":4},"end":{"line":122,"column":56}},"82":{"start":{"line":125,"column":2},"end":{"line":125,"column":18}},"83":{"start":{"line":126,"column":2},"end":{"line":126,"column":16}},"84":{"start":{"line":127,"column":2},"end":{"line":127,"column":21}},"85":{"start":{"line":129,"column":2},"end":{"line":162,"column":5}},"86":{"start":{"line":130,"column":4},"end":{"line":132,"column":5}},"87":{"start":{"line":131,"column":6},"end":{"line":131,"column":27}},"88":{"start":{"line":135,"column":4},"end":{"line":138,"column":6}},"89":{"start":{"line":136,"column":6},"end":{"line":136,"column":30}},"90":{"start":{"line":137,"column":6},"end":{"line":137,"column":39}},"91":{"start":{"line":140,"column":4},"end":{"line":160,"column":7}},"92":{"start":{"line":141,"column":6},"end":{"line":141,"column":20}},"93":{"start":{"line":144,"column":6},"end":{"line":152,"column":9}},"94":{"start":{"line":145,"column":8},"end":{"line":150,"column":9}},"95":{"start":{"line":146,"column":10},"end":{"line":146,"column":25}},"96":{"start":{"line":147,"column":10},"end":{"line":147,"column":34}},"97":{"start":{"line":149,"column":10},"end":{"line":149,"column":24}},"98":{"start":{"line":151,"column":8},"end":{"line":151,"column":15}},"99":{"start":{"line":154,"column":6},"end":{"line":159,"column":7}},"100":{"start":{"line":155,"column":8},"end":{"line":155,"column":22}},"101":{"start":{"line":158,"column":8},"end":{"line":158,"column":58}},"102":{"start":{"line":165,"column":0},"end":{"line":250,"column":2}},"103":{"start":{"line":166,"column":2},"end":{"line":166,"column":40}},"104":{"start":{"line":167,"column":2},"end":{"line":167,"column":35}},"105":{"start":{"line":169,"column":2},"end":{"line":169,"column":28}},"106":{"start":{"line":170,"column":2},"end":{"line":170,"column":32}},"107":{"start":{"line":171,"column":2},"end":{"line":171,"column":45}},"108":{"start":{"line":173,"column":2},"end":{"line":173,"column":18}},"109":{"start":{"line":175,"column":2},"end":{"line":249,"column":5}},"110":{"start":{"line":176,"column":4},"end":{"line":178,"column":5}},"111":{"start":{"line":177,"column":6},"end":{"line":177,"column":27}},"112":{"start":{"line":180,"column":4},"end":{"line":230,"column":6}},"113":{"start":{"line":181,"column":6},"end":{"line":181,"column":34}},"114":{"start":{"line":182,"column":6},"end":{"line":182,"column":17}},"115":{"start":{"line":183,"column":6},"end":{"line":183,"column":24}},"116":{"start":{"line":184,"column":6},"end":{"line":184,"column":25}},"117":{"start":{"line":186,"column":6},"end":{"line":229,"column":7}},"118":{"start":{"line":187,"column":8},"end":{"line":187,"column":26}},"119":{"start":{"line":188,"column":8},"end":{"line":188,"column":68}},"120":{"start":{"line":190,"column":8},"end":{"line":192,"column":9}},"121":{"start":{"line":191,"column":10},"end":{"line":191,"column":75}},"122":{"start":{"line":193,"column":8},"end":{"line":202,"column":11}},"123":{"start":{"line":194,"column":10},"end":{"line":194,"column":57}},"124":{"start":{"line":195,"column":10},"end":{"line":199,"column":13}},"125":{"start":{"line":196,"column":12},"end":{"line":196,"column":36}},"126":{"start":{"line":197,"column":12},"end":{"line":197,"column":28}},"127":{"start":{"line":198,"column":12},"end":{"line":198,"column":26}},"128":{"start":{"line":201,"column":10},"end":{"line":201,"column":39}},"129":{"start":{"line":203,"column":13},"end":{"line":229,"column":7}},"130":{"start":{"line":205,"column":8},"end":{"line":205,"column":64}},"131":{"start":{"line":206,"column":8},"end":{"line":206,"column":38}},"132":{"start":{"line":207,"column":8},"end":{"line":226,"column":11}},"133":{"start":{"line":208,"column":10},"end":{"line":208,"column":66}},"134":{"start":{"line":209,"column":10},"end":{"line":212,"column":11}},"135":{"start":{"line":210,"column":12},"end":{"line":210,"column":26}},"136":{"start":{"line":211,"column":12},"end":{"line":211,"column":19}},"137":{"start":{"line":213,"column":10},"end":{"line":213,"column":42}},"138":{"start":{"line":214,"column":10},"end":{"line":221,"column":13}},"139":{"start":{"line":215,"column":12},"end":{"line":215,"column":59}},"140":{"start":{"line":216,"column":12},"end":{"line":220,"column":15}},"141":{"start":{"line":217,"column":14},"end":{"line":217,"column":38}},"142":{"start":{"line":218,"column":14},"end":{"line":218,"column":30}},"143":{"start":{"line":219,"column":14},"end":{"line":219,"column":28}},"144":{"start":{"line":223,"column":10},"end":{"line":225,"column":13}},"145":{"start":{"line":224,"column":12},"end":{"line":224,"column":40}},"146":{"start":{"line":228,"column":8},"end":{"line":228,"column":71}},"147":{"start":{"line":232,"column":4},"end":{"line":248,"column":7}},"148":{"start":{"line":233,"column":6},"end":{"line":247,"column":7}},"149":{"start":{"line":235,"column":8},"end":{"line":237,"column":10}},"150":{"start":{"line":238,"column":8},"end":{"line":238,"column":41}},"151":{"start":{"line":241,"column":8},"end":{"line":241,"column":42}},"152":{"start":{"line":242,"column":8},"end":{"line":244,"column":11}},"153":{"start":{"line":243,"column":10},"end":{"line":243,"column":25}},"154":{"start":{"line":246,"column":8},"end":{"line":246,"column":23}},"155":{"start":{"line":252,"column":0},"end":{"line":284,"column":2}},"156":{"start":{"line":253,"column":2},"end":{"line":253,"column":21}},"157":{"start":{"line":255,"column":2},"end":{"line":255,"column":18}},"158":{"start":{"line":257,"column":2},"end":{"line":283,"column":5}},"159":{"start":{"line":259,"column":6},"end":{"line":259,"column":29}},"160":{"start":{"line":262,"column":6},"end":{"line":262,"column":87}},"161":{"start":{"line":262,"column":30},"end":{"line":262,"column":87}},"162":{"start":{"line":265,"column":6},"end":{"line":268,"column":9}},"163":{"start":{"line":266,"column":8},"end":{"line":266,"column":37}},"164":{"start":{"line":266,"column":16},"end":{"line":266,"column":37}},"165":{"start":{"line":267,"column":8},"end":{"line":267,"column":86}},"166":{"start":{"line":267,"column":63},"end":{"line":267,"column":83}},"167":{"start":{"line":271,"column":6},"end":{"line":271,"column":72}},"168":{"start":{"line":271,"column":44},"end":{"line":271,"column":68}},"169":{"start":{"line":274,"column":6},"end":{"line":279,"column":19}},"170":{"start":{"line":282,"column":4},"end":{"line":282,"column":18}},"171":{"start":{"line":286,"column":0},"end":{"line":307,"column":2}},"172":{"start":{"line":287,"column":2},"end":{"line":287,"column":18}},"173":{"start":{"line":289,"column":2},"end":{"line":306,"column":5}},"174":{"start":{"line":290,"column":4},"end":{"line":292,"column":5}},"175":{"start":{"line":291,"column":6},"end":{"line":291,"column":27}},"176":{"start":{"line":294,"column":4},"end":{"line":294,"column":53}},"177":{"start":{"line":295,"column":4},"end":{"line":297,"column":7}},"178":{"start":{"line":296,"column":6},"end":{"line":296,"column":20}},"179":{"start":{"line":298,"column":4},"end":{"line":305,"column":7}},"180":{"start":{"line":300,"column":6},"end":{"line":300,"column":29}},"181":{"start":{"line":301,"column":6},"end":{"line":301,"column":21}},"182":{"start":{"line":304,"column":6},"end":{"line":304,"column":20}},"183":{"start":{"line":309,"column":0},"end":{"line":309,"column":40}},"184":{"start":{"line":310,"column":0},"end":{"line":310,"column":24}},"185":{"start":{"line":312,"column":0},"end":{"line":317,"column":1}},"186":{"start":{"line":313,"column":2},"end":{"line":315,"column":3}},"187":{"start":{"line":314,"column":4},"end":{"line":314,"column":40}},"188":{"start":{"line":316,"column":2},"end":{"line":316,"column":18}},"189":{"start":{"line":319,"column":0},"end":{"line":327,"column":1}},"190":{"start":{"line":320,"column":2},"end":{"line":320,"column":28}},"191":{"start":{"line":321,"column":2},"end":{"line":323,"column":3}},"192":{"start":{"line":322,"column":4},"end":{"line":322,"column":24}},"193":{"start":{"line":324,"column":2},"end":{"line":326,"column":3}},"194":{"start":{"line":325,"column":4},"end":{"line":325,"column":38}}},"branchMap":{"1":{"line":11,"type":"binary-expr","locations":[{"start":{"line":11,"column":18},"end":{"line":11,"column":25}},{"start":{"line":11,"column":29},"end":{"line":11,"column":31}}]},"2":{"line":18,"type":"if","locations":[{"start":{"line":18,"column":2},"end":{"line":18,"column":2}},{"start":{"line":18,"column":2},"end":{"line":18,"column":2}}]},"3":{"line":19,"type":"binary-expr","locations":[{"start":{"line":19,"column":20},"end":{"line":19,"column":27}},{"start":{"line":19,"column":31},"end":{"line":19,"column":33}}]},"4":{"line":26,"type":"if","locations":[{"start":{"line":26,"column":2},"end":{"line":26,"column":2}},{"start":{"line":26,"column":2},"end":{"line":26,"column":2}}]},"5":{"line":30,"type":"if","locations":[{"start":{"line":30,"column":4},"end":{"line":30,"column":4}},{"start":{"line":30,"column":4},"end":{"line":30,"column":4}}]},"6":{"line":35,"type":"if","locations":[{"start":{"line":35,"column":4},"end":{"line":35,"column":4}},{"start":{"line":35,"column":4},"end":{"line":35,"column":4}}]},"7":{"line":38,"type":"if","locations":[{"start":{"line":38,"column":4},"end":{"line":38,"column":4}},{"start":{"line":38,"column":4},"end":{"line":38,"column":4}}]},"8":{"line":38,"type":"binary-expr","locations":[{"start":{"line":38,"column":8},"end":{"line":38,"column":20}},{"start":{"line":38,"column":24},"end":{"line":38,"column":28}}]},"9":{"line":41,"type":"if","locations":[{"start":{"line":41,"column":4},"end":{"line":41,"column":4}},{"start":{"line":41,"column":4},"end":{"line":41,"column":4}}]},"10":{"line":41,"type":"binary-expr","locations":[{"start":{"line":41,"column":8},"end":{"line":41,"column":20}},{"start":{"line":41,"column":24},"end":{"line":41,"column":28}}]},"11":{"line":43,"type":"if","locations":[{"start":{"line":43,"column":11},"end":{"line":43,"column":11}},{"start":{"line":43,"column":11},"end":{"line":43,"column":11}}]},"12":{"line":43,"type":"binary-expr","locations":[{"start":{"line":43,"column":15},"end":{"line":43,"column":27}},{"start":{"line":43,"column":31},"end":{"line":43,"column":35}}]},"13":{"line":54,"type":"if","locations":[{"start":{"line":54,"column":2},"end":{"line":54,"column":2}},{"start":{"line":54,"column":2},"end":{"line":54,"column":2}}]},"14":{"line":60,"type":"if","locations":[{"start":{"line":60,"column":2},"end":{"line":60,"column":2}},{"start":{"line":60,"column":2},"end":{"line":60,"column":2}}]},"15":{"line":74,"type":"if","locations":[{"start":{"line":74,"column":6},"end":{"line":74,"column":6}},{"start":{"line":74,"column":6},"end":{"line":74,"column":6}}]},"16":{"line":104,"type":"if","locations":[{"start":{"line":104,"column":2},"end":{"line":104,"column":2}},{"start":{"line":104,"column":2},"end":{"line":104,"column":2}}]},"17":{"line":108,"type":"if","locations":[{"start":{"line":108,"column":2},"end":{"line":108,"column":2}},{"start":{"line":108,"column":2},"end":{"line":108,"column":2}}]},"18":{"line":116,"type":"if","locations":[{"start":{"line":116,"column":2},"end":{"line":116,"column":2}},{"start":{"line":116,"column":2},"end":{"line":116,"column":2}}]},"19":{"line":121,"type":"if","locations":[{"start":{"line":121,"column":2},"end":{"line":121,"column":2}},{"start":{"line":121,"column":2},"end":{"line":121,"column":2}}]},"20":{"line":130,"type":"if","locations":[{"start":{"line":130,"column":4},"end":{"line":130,"column":4}},{"start":{"line":130,"column":4},"end":{"line":130,"column":4}}]},"21":{"line":145,"type":"if","locations":[{"start":{"line":145,"column":8},"end":{"line":145,"column":8}},{"start":{"line":145,"column":8},"end":{"line":145,"column":8}}]},"22":{"line":154,"type":"if","locations":[{"start":{"line":154,"column":6},"end":{"line":154,"column":6}},{"start":{"line":154,"column":6},"end":{"line":154,"column":6}}]},"23":{"line":171,"type":"binary-expr","locations":[{"start":{"line":171,"column":18},"end":{"line":171,"column":35}},{"start":{"line":171,"column":39},"end":{"line":171,"column":44}}]},"24":{"line":176,"type":"if","locations":[{"start":{"line":176,"column":4},"end":{"line":176,"column":4}},{"start":{"line":176,"column":4},"end":{"line":176,"column":4}}]},"25":{"line":186,"type":"if","locations":[{"start":{"line":186,"column":6},"end":{"line":186,"column":6}},{"start":{"line":186,"column":6},"end":{"line":186,"column":6}}]},"26":{"line":203,"type":"if","locations":[{"start":{"line":203,"column":13},"end":{"line":203,"column":13}},{"start":{"line":203,"column":13},"end":{"line":203,"column":13}}]},"27":{"line":209,"type":"if","locations":[{"start":{"line":209,"column":10},"end":{"line":209,"column":10}},{"start":{"line":209,"column":10},"end":{"line":209,"column":10}}]},"28":{"line":233,"type":"if","locations":[{"start":{"line":233,"column":6},"end":{"line":233,"column":6}},{"start":{"line":233,"column":6},"end":{"line":233,"column":6}}]},"29":{"line":262,"type":"if","locations":[{"start":{"line":262,"column":6},"end":{"line":262,"column":6}},{"start":{"line":262,"column":6},"end":{"line":262,"column":6}}]},"30":{"line":266,"type":"if","locations":[{"start":{"line":266,"column":8},"end":{"line":266,"column":8}},{"start":{"line":266,"column":8},"end":{"line":266,"column":8}}]},"31":{"line":290,"type":"if","locations":[{"start":{"line":290,"column":4},"end":{"line":290,"column":4}},{"start":{"line":290,"column":4},"end":{"line":290,"column":4}}]},"32":{"line":313,"type":"if","locations":[{"start":{"line":313,"column":2},"end":{"line":313,"column":2}},{"start":{"line":313,"column":2},"end":{"line":313,"column":2}}]},"33":{"line":321,"type":"if","locations":[{"start":{"line":321,"column":2},"end":{"line":321,"column":2}},{"start":{"line":321,"column":2},"end":{"line":321,"column":2}}]},"34":{"line":324,"type":"if","locations":[{"start":{"line":324,"column":2},"end":{"line":324,"column":2}},{"start":{"line":324,"column":2},"end":{"line":324,"column":2}}]},"35":{"line":325,"type":"binary-expr","locations":[{"start":{"line":325,"column":11},"end":{"line":325,"column":21}},{"start":{"line":325,"column":25},"end":{"line":325,"column":37}}]}},"code":["var fs = require('fs');","var path = require('path');","var util = require('util');","var async = require('async');","var EventEmitter = require('events').EventEmitter;","var Connection = require('ssh2');","var _ = require('lodash');","","","function Client(options) {","  this._options = options || {};","","  this.remote = {};","}","util.inherits(Client, EventEmitter);","","Client.prototype.defaults = function(options) {","  if (options) {","    this._options = options || {};","  } else {","    return this._options;","  }","};","","Client.prototype.parse = function(remote) {","  if (_.isString(remote)) {","    // username:password@host:/path/to","    var regex = /^([a-zA-Z0-9\\-\\.]+)(\\:.*)?@([^:]+):([^:]+:)?(.*)?$/;","    var m = remote.match(regex);","    if (!m) return {};","    var ret = {","      username: m[1],","      host: m[3],","    };","    if (m[2]) {","      ret.password = m[2].slice(1);","    }","    if (m.length===6 && m[4]) {","      ret.port = m[4].slice(0,-1);","    }","    if (m.length===6 && m[5]) {","      ret.path = m[5];","    } else if (m.length===5 && m[4]) {","      ret.path = m[4];","    }","    this.remote = ret;","    return ret;","  }","  this.remote = remote;","  return remote;","};","","Client.prototype.sftp = function(callback) {","  if (this.__sftp) {","    callback(null, this.__sftp);","    return;","  }","","  var remote = _.defaults(this.remote, this._options);","  if (this.__ssh) {","    this.__ssh.connect(remote);","    return;","  }","","  var self = this;","  var ssh = new Connection();","  ssh.on('connect', function() {","    self.emit('connect');","  });","  ssh.on('ready', function() {","    self.emit('ready');","","    ssh.sftp(function(err, sftp) {","      if (err) throw err;","      // save for reuse","      self.__sftp = sftp;","      callback(err, sftp);","    });","  });","  ssh.on('error', function(err) {","    self.emit('error', err);","    callback(err);","  });","  ssh.on('end', function() {","    self.emit('end');","  });","  ssh.on('close', function() {","    self.emit('close');","  });","  ssh.on('keyboard-interactive', function(name, instructions, instructionsLang, prompts, finish) {","    self.emit('keyboard-interactive', name, instructions, instructionsLang, prompts, finish);","  });","  ssh.on('change password', function(message, language, done) {","    self.emit('change password', message, language, done);","  });","  ssh.on('tcp connection', function(details, accept, reject) {","    self.emit('tcp connection', details, accept, reject);","  });","  ssh.connect(remote);","  this.__ssh = ssh;","};","","Client.prototype.close = function() {","  if (this.__sftp) {","    this.__sftp.end();","    this.__sftp = null;","  }","  if (this.__ssh) {","    this.__ssh.end();","    this.__ssh = null;","  }","};","","","Client.prototype.mkdir = function(dir, attrs, callback) {","  if (_.isFunction(attrs)) {","    callback = attrs;","    attrs = undefined;","  }","","  if (attrs) {","    attrs.mode = getFolderAttr(process.platform, attrs);","  }","","  var self = this;","  var dirs = [];","  var exists = false;","","  this.sftp(function(err, sftp) {","    if (err) {","      return callback(err);","    }","","    // for record log","    var mkdir = function(dir, callback) {","      self.emit('mkdir', dir);","      sftp.mkdir(dir, attrs, callback);","    };","","    async.until(function() {","      return exists;","    }, function(done) {","      // detect if the directory exists","      sftp.stat(dir, function(err, attr) {","        if (err) {","          dirs.push(dir);","          dir = path.dirname(dir);","        } else {","          exists = true;","        }","        done();","      });","    }, function(err) {","      if (err) {","        callback(err);","      } else {","        // just like mkdir -p","        async.eachSeries(dirs.reverse(), mkdir, callback);","      }","    });","","  });","};","","Client.prototype.write = function(options, callback) {","  var destination = options.destination;","  destination = unixy(destination);","","  var attrs = options.attrs;","  var content = options.content;","  var chunkSize = options.chunkSize || 32768;","","  var self = this;","","  this.sftp(function(err, sftp) {","    if (err) {","      return callback(err);","    }","","    var _write = function(handle) {","      self.emit('write', options);","      var length;","      var lastIndex = 0;","      var lastCursor = 0;","","      if (Buffer.isBuffer(content)) {","        var contents = [];","        length = parseInt((content.length - 1) / chunkSize, 10) + 1;","","        for (var i = 0 ; i < length; i++) {","          contents.push(content.slice(i * chunkSize, (i + 1) * chunkSize));","        }","        async.eachSeries(contents, function(buf, callback) {","          self.emit('transfer', buf, lastCursor, length);","          sftp.write(handle, buf, 0, buf.length, lastIndex, function(err) {","            lastIndex += buf.length;","            lastCursor += 1;","            callback(err);","          });","        }, function(err) {","          sftp.close(handle, callback);","        });","      } else if (typeof content === 'number') {","        // content is a file descriptor","        length = parseInt((attrs.size - 1) / chunkSize, 10) + 1;","        var range = new Array(length);","        async.eachSeries(range, function(pos, callback) {","          chunkSize = Math.min(chunkSize, attrs.size - lastIndex);","          if (!chunkSize) {","            callback(err);","            return;","          }","          var buf = new Buffer(chunkSize);","          fs.read(content, buf, 0, chunkSize, lastIndex, function(err, byteRead, buf) {","            self.emit('transfer', buf, lastCursor, length);","            sftp.write(handle, buf, 0, buf.length, lastIndex, function(err) {","              lastIndex += buf.length;","              lastCursor += 1;","              callback(err);","            });","          });","        }, function(err) {","          sftp.close(handle, function(err) {","            fs.close(content, callback);","          });","        });","      } else {","        throw new Error('Content should be buffer or file descriptor');","      }","    };","","    sftp.open(destination, 'w', attrs, function(err, handle) {","      if (err) {","        // destination is directory","        destination = path.join(","          destination, path.basename(options.source)","        );","        destination = unixy(destination);","","        // for emit write event","        options.destination = destination;","        sftp.open(destination, 'w', attrs, function(err, handle) {","          _write(handle);","        });","      } else {","        _write(handle);","      }","    });","  });","};","","Client.prototype.upload = function(src, dest, callback) {","  dest = unixy(dest);","","  var self = this;","","  async.waterfall([","    function(callback) {","      fs.stat(src, callback);","    },","    function(stat, callback) {","      if (stat.isDirectory()) return callback(new Error('Can not upload a directory'));","","      // Get the attributes of the source directory","      fs.stat(path.dirname(src), function(err, dirStat) {","        if(err) return callback(err);","        self.mkdir(path.dirname(dest), dirStat, function(err){ callback(err, stat) });","      });","    },","    function(stat, callback) {","      fs.open(src, 'r', function(err, fd) { callback(err, stat, fd); });","    },","    function(stat, fd, callback) {","      self.write({","        source: src,","        destination: dest,","        content: fd,","        attrs: stat","      }, callback);","    }","  ], function(err) {","    callback(err);","  });","};","","Client.prototype.download = function(src, dest, callback) {","  var self = this;","","  self.sftp(function(err,sftp){","    if (err) {","      return callback(err);","    }","","    var sftp_readStream = sftp.createReadStream(src);","    sftp_readStream.on('error', function(err){","      callback(err);","    });","    sftp_readStream.pipe(fs.createWriteStream(dest))","    .on('close',function(){","      self.emit('read', src);","      callback(null);","    })","    .on('error', function(err){","      callback(err);","    });","  });","};","","exports = module.exports = new Client();","exports.Client = Client;","","function unixy(filepath) {","  if (process.platform === 'win32') {","    return filepath.replace(/\\\\/g, '/');","  }","  return filepath;","}","","function getFolderAttr(platform, attrs) {","  var DEFAULT_MODE = '0755';","  if (platform === 'win32') {","    return DEFAULT_MODE;","  }","  if (attrs) {","    return attrs.mode || DEFAULT_MODE;","  }","}",""],"l":{"1":1,"2":1,"3":1,"4":1,"5":1,"6":1,"7":1,"10":1,"11":2,"13":2,"15":1,"17":1,"18":0,"19":0,"21":0,"25":1,"26":0,"28":0,"29":0,"30":0,"31":0,"35":0,"36":0,"38":0,"39":0,"41":0,"42":0,"43":0,"44":0,"46":0,"47":0,"49":0,"50":0,"53":1,"54":0,"55":0,"56":0,"59":0,"60":0,"61":0,"62":0,"65":0,"66":0,"67":0,"68":0,"70":0,"71":0,"73":0,"74":0,"76":0,"77":0,"80":0,"81":0,"82":0,"84":0,"85":0,"87":0,"88":0,"90":0,"91":0,"93":0,"94":0,"96":0,"97":0,"99":0,"100":0,"103":1,"104":0,"105":0,"106":0,"108":0,"109":0,"110":0,"115":1,"116":0,"117":0,"118":0,"121":0,"122":0,"125":0,"126":0,"127":0,"129":0,"130":0,"131":0,"135":0,"136":0,"137":0,"140":0,"141":0,"144":0,"145":0,"146":0,"147":0,"149":0,"151":0,"154":0,"155":0,"158":0,"165":1,"166":0,"167":0,"169":0,"170":0,"171":0,"173":0,"175":0,"176":0,"177":0,"180":0,"181":0,"182":0,"183":0,"184":0,"186":0,"187":0,"188":0,"190":0,"191":0,"193":0,"194":0,"195":0,"196":0,"197":0,"198":0,"201":0,"203":0,"205":0,"206":0,"207":0,"208":0,"209":0,"210":0,"211":0,"213":0,"214":0,"215":0,"216":0,"217":0,"218":0,"219":0,"223":0,"224":0,"228":0,"232":0,"233":0,"235":0,"238":0,"241":0,"242":0,"243":0,"246":0,"252":1,"253":0,"255":0,"257":0,"259":0,"262":0,"265":0,"266":0,"267":0,"271":0,"274":0,"282":0,"286":1,"287":0,"289":0,"290":0,"291":0,"294":0,"295":0,"296":0,"298":0,"300":0,"301":0,"304":0,"309":1,"310":1,"312":1,"313":0,"314":0,"316":0,"319":1,"320":0,"321":0,"322":0,"324":0,"325":0}}}